{"/Users/sirkitree/repos/tugboat/tugboat-mcp/src/index.ts": {"path":"/Users/sirkitree/repos/tugboat/tugboat-mcp/src/index.ts","statementMap":{"0":{"start":{"line":1,"column":0},"end":{"line":1,"column":68}},"1":{"start":{"line":2,"column":0},"end":{"line":2,"column":81}},"2":{"start":{"line":3,"column":0},"end":{"line":3,"column":30}},"3":{"start":{"line":4,"column":0},"end":{"line":4,"column":77}},"4":{"start":{"line":5,"column":0},"end":{"line":5,"column":24}},"5":{"start":{"line":6,"column":0},"end":{"line":6,"column":20}},"6":{"start":{"line":7,"column":0},"end":{"line":7,"column":24}},"7":{"start":{"line":10,"column":0},"end":{"line":10,"column":48}},"8":{"start":{"line":11,"column":0},"end":{"line":11,"column":40}},"9":{"start":{"line":12,"column":0},"end":{"line":12,"column":43}},"10":{"start":{"line":13,"column":0},"end":{"line":13,"column":54}},"11":{"start":{"line":14,"column":0},"end":{"line":14,"column":43}},"12":{"start":{"line":15,"column":0},"end":{"line":15,"column":57}},"13":{"start":{"line":18,"column":16},"end":{"line":18,"column":55}},"14":{"start":{"line":19,"column":15},"end":{"line":19,"column":36}},"15":{"start":{"line":22,"column":0},"end":{"line":29,"column":1}},"16":{"start":{"line":23,"column":2},"end":{"line":25,"column":3}},"17":{"start":{"line":24,"column":4},"end":{"line":24,"column":46}},"18":{"start":{"line":28,"column":2},"end":{"line":28,"column":58}},"19":{"start":{"line":33,"column":2},"end":{"line":56,"column":4}},"20":{"start":{"line":35,"column":6},"end":{"line":43,"column":7}},"21":{"start":{"line":36,"column":8},"end":{"line":36,"column":29}},"22":{"start":{"line":38,"column":8},"end":{"line":42,"column":9}},"23":{"start":{"line":39,"column":10},"end":{"line":39,"column":88}},"24":{"start":{"line":46,"column":6},"end":{"line":54,"column":7}},"25":{"start":{"line":47,"column":8},"end":{"line":47,"column":31}},"26":{"start":{"line":49,"column":8},"end":{"line":53,"column":9}},"27":{"start":{"line":50,"column":10},"end":{"line":50,"column":89}},"28":{"start":{"line":61,"column":17},"end":{"line":61,"column":28}},"29":{"start":{"line":64,"column":17},"end":{"line":64,"column":51}},"30":{"start":{"line":66,"column":2},"end":{"line":66,"column":84}},"31":{"start":{"line":69,"column":20},"end":{"line":73,"column":4}},"32":{"start":{"line":76,"column":22},"end":{"line":76,"column":48}},"33":{"start":{"line":79,"column":17},"end":{"line":83,"column":4}},"34":{"start":{"line":86,"column":2},"end":{"line":86,"column":36}},"35":{"start":{"line":87,"column":2},"end":{"line":87,"column":32}},"36":{"start":{"line":89,"column":2},"end":{"line":160,"column":3}},"37":{"start":{"line":91,"column":16},"end":{"line":91,"column":25}},"38":{"start":{"line":92,"column":17},"end":{"line":92,"column":36}},"39":{"start":{"line":95,"column":4},"end":{"line":95,"column":20}},"40":{"start":{"line":98,"column":4},"end":{"line":98,"column":28}},"41":{"start":{"line":101,"column":4},"end":{"line":119,"column":7}},"42":{"start":{"line":102,"column":6},"end":{"line":118,"column":7}},"43":{"start":{"line":105,"column":22},"end":{"line":105,"column":54}},"44":{"start":{"line":107,"column":8},"end":{"line":111,"column":11}},"45":{"start":{"line":113,"column":8},"end":{"line":113,"column":55}},"46":{"start":{"line":114,"column":8},"end":{"line":117,"column":11}},"47":{"start":{"line":122,"column":27},"end":{"line":122,"column":60}},"48":{"start":{"line":125,"column":4},"end":{"line":125,"column":36}},"49":{"start":{"line":128,"column":4},"end":{"line":140,"column":7}},"50":{"start":{"line":129,"column":6},"end":{"line":139,"column":7}},"51":{"start":{"line":130,"column":8},"end":{"line":130,"column":57}},"52":{"start":{"line":131,"column":25},"end":{"line":131,"column":57}},"53":{"start":{"line":132,"column":8},"end":{"line":132,"column":27}},"54":{"start":{"line":134,"column":8},"end":{"line":134,"column":58}},"55":{"start":{"line":135,"column":8},"end":{"line":138,"column":11}},"56":{"start":{"line":143,"column":4},"end":{"line":146,"column":7}},"57":{"start":{"line":144,"column":24},"end":{"line":144,"column":59}},"58":{"start":{"line":145,"column":6},"end":{"line":145,"column":38}},"59":{"start":{"line":149,"column":4},"end":{"line":154,"column":7}},"60":{"start":{"line":150,"column":6},"end":{"line":150,"column":77}},"61":{"start":{"line":151,"column":6},"end":{"line":151,"column":81}},"62":{"start":{"line":152,"column":6},"end":{"line":152,"column":63}},"63":{"start":{"line":153,"column":6},"end":{"line":153,"column":76}},"64":{"start":{"line":157,"column":4},"end":{"line":157,"column":80}},"65":{"start":{"line":158,"column":22},"end":{"line":158,"column":48}},"66":{"start":{"line":159,"column":4},"end":{"line":159,"column":36}},"67":{"start":{"line":163,"column":0},"end":{"line":167,"column":3}},"68":{"start":{"line":165,"column":2},"end":{"line":165,"column":67}},"69":{"start":{"line":166,"column":2},"end":{"line":166,"column":18}}},"fnMap":{"0":{"name":"createLogger","decl":{"start":{"line":32,"column":9},"end":{"line":32,"column":21}},"loc":{"start":{"line":32,"column":53},"end":{"line":57,"column":1}}},"1":{"name":"(anonymous_2)","decl":{"start":{"line":34,"column":9},"end":{"line":34,"column":10}},"loc":{"start":{"line":34,"column":29},"end":{"line":44,"column":5}}},"2":{"name":"(anonymous_3)","decl":{"start":{"line":45,"column":11},"end":{"line":45,"column":12}},"loc":{"start":{"line":45,"column":31},"end":{"line":55,"column":5}}},"3":{"name":"main","decl":{"start":{"line":59,"column":15},"end":{"line":59,"column":19}},"loc":{"start":{"line":59,"column":19},"end":{"line":161,"column":1}}},"4":{"name":"(anonymous_5)","decl":{"start":{"line":101,"column":28},"end":{"line":101,"column":33}},"loc":{"start":{"line":101,"column":47},"end":{"line":119,"column":5}}},"5":{"name":"(anonymous_6)","decl":{"start":{"line":128,"column":31},"end":{"line":128,"column":36}},"loc":{"start":{"line":128,"column":50},"end":{"line":140,"column":5}}},"6":{"name":"(anonymous_7)","decl":{"start":{"line":143,"column":21},"end":{"line":143,"column":26}},"loc":{"start":{"line":143,"column":40},"end":{"line":146,"column":5}}},"7":{"name":"(anonymous_8)","decl":{"start":{"line":149,"column":21},"end":{"line":149,"column":24}},"loc":{"start":{"line":149,"column":26},"end":{"line":154,"column":5}}},"8":{"name":"(anonymous_9)","decl":{"start":{"line":163,"column":13},"end":{"line":163,"column":18}},"loc":{"start":{"line":163,"column":21},"end":{"line":167,"column":1}}}},"branchMap":{"0":{"loc":{"start":{"line":23,"column":2},"end":{"line":25,"column":3}},"type":"if","locations":[{"start":{"line":23,"column":2},"end":{"line":25,"column":3}}]},"1":{"loc":{"start":{"line":35,"column":6},"end":{"line":43,"column":7}},"type":"if","locations":[{"start":{"line":35,"column":6},"end":{"line":43,"column":7}},{"start":{"line":37,"column":13},"end":{"line":43,"column":7}}]},"2":{"loc":{"start":{"line":46,"column":6},"end":{"line":54,"column":7}},"type":"if","locations":[{"start":{"line":46,"column":6},"end":{"line":54,"column":7}},{"start":{"line":48,"column":13},"end":{"line":54,"column":7}}]},"3":{"loc":{"start":{"line":89,"column":2},"end":{"line":160,"column":3}},"type":"if","locations":[{"start":{"line":89,"column":2},"end":{"line":160,"column":3}},{"start":{"line":155,"column":9},"end":{"line":160,"column":3}}]},"4":{"loc":{"start":{"line":92,"column":17},"end":{"line":92,"column":36}},"type":"binary-expr","locations":[{"start":{"line":92,"column":17},"end":{"line":92,"column":28}},{"start":{"line":92,"column":32},"end":{"line":92,"column":36}}]},"5":{"loc":{"start":{"line":137,"column":17},"end":{"line":137,"column":58}},"type":"binary-expr","locations":[{"start":{"line":137,"column":17},"end":{"line":137,"column":30}},{"start":{"line":137,"column":34},"end":{"line":137,"column":58}}]}},"s":{"0":0,"1":0,"2":0,"3":0,"4":0,"5":0,"6":0,"7":0,"8":0,"9":0,"10":0,"11":0,"12":0,"13":0,"14":0,"15":0,"16":0,"17":0,"18":0,"19":0,"20":0,"21":0,"22":0,"23":0,"24":0,"25":0,"26":0,"27":0,"28":0,"29":0,"30":0,"31":0,"32":0,"33":0,"34":0,"35":0,"36":0,"37":0,"38":0,"39":0,"40":0,"41":0,"42":0,"43":0,"44":0,"45":0,"46":0,"47":0,"48":0,"49":0,"50":0,"51":0,"52":0,"53":0,"54":0,"55":0,"56":0,"57":0,"58":0,"59":0,"60":0,"61":0,"62":0,"63":0,"64":0,"65":0,"66":0,"67":0,"68":0,"69":0},"f":{"0":0,"1":0,"2":0,"3":0,"4":0,"5":0,"6":0,"7":0,"8":0},"b":{"0":[0],"1":[0,0],"2":[0,0],"3":[0,0],"4":[0,0],"5":[0,0]}}
,"/Users/sirkitree/repos/tugboat/tugboat-mcp/src/middleware/auth.ts": {"path":"/Users/sirkitree/repos/tugboat/tugboat-mcp/src/middleware/auth.ts","statementMap":{"0":{"start":{"line":14,"column":0},"end":{"line":14,"column":16}},"1":{"start":{"line":15,"column":2},"end":{"line":74,"column":4}},"2":{"start":{"line":16,"column":4},"end":{"line":73,"column":5}},"3":{"start":{"line":18,"column":25},"end":{"line":18,"column":50}},"4":{"start":{"line":20,"column":6},"end":{"line":27,"column":7}},"5":{"start":{"line":22,"column":8},"end":{"line":25,"column":11}},"6":{"start":{"line":26,"column":8},"end":{"line":26,"column":15}},"7":{"start":{"line":30,"column":25},"end":{"line":30,"column":61}},"8":{"start":{"line":31,"column":6},"end":{"line":37,"column":7}},"9":{"start":{"line":32,"column":8},"end":{"line":35,"column":11}},"10":{"start":{"line":36,"column":8},"end":{"line":36,"column":15}},"11":{"start":{"line":39,"column":20},"end":{"line":39,"column":33}},"12":{"start":{"line":42,"column":25},"end":{"line":42,"column":57}},"13":{"start":{"line":43,"column":6},"end":{"line":49,"column":7}},"14":{"start":{"line":44,"column":8},"end":{"line":47,"column":11}},"15":{"start":{"line":48,"column":8},"end":{"line":48,"column":15}},"16":{"start":{"line":52,"column":6},"end":{"line":63,"column":7}},"17":{"start":{"line":53,"column":23},"end":{"line":53,"column":54}},"18":{"start":{"line":54,"column":29},"end":{"line":54,"column":88}},"19":{"start":{"line":56,"column":8},"end":{"line":62,"column":9}},"20":{"start":{"line":57,"column":10},"end":{"line":60,"column":13}},"21":{"start":{"line":61,"column":10},"end":{"line":61,"column":17}},"22":{"start":{"line":66,"column":6},"end":{"line":66,"column":13}},"23":{"start":{"line":68,"column":6},"end":{"line":68,"column":52}},"24":{"start":{"line":69,"column":6},"end":{"line":72,"column":9}},"25":{"start":{"line":84,"column":2},"end":{"line":95,"column":3}},"26":{"start":{"line":86,"column":6},"end":{"line":86,"column":20}},"27":{"start":{"line":90,"column":6},"end":{"line":90,"column":21}},"28":{"start":{"line":92,"column":6},"end":{"line":92,"column":22}},"29":{"start":{"line":94,"column":6},"end":{"line":94,"column":20}}},"fnMap":{"0":{"name":"createAuthMiddleware","decl":{"start":{"line":14,"column":16},"end":{"line":14,"column":36}},"loc":{"start":{"line":14,"column":61},"end":{"line":75,"column":1}}},"1":{"name":"(anonymous_1)","decl":{"start":{"line":15,"column":9},"end":{"line":15,"column":14}},"loc":{"start":{"line":15,"column":67},"end":{"line":74,"column":3}}},"2":{"name":"getActionFromMethod","decl":{"start":{"line":83,"column":9},"end":{"line":83,"column":28}},"loc":{"start":{"line":83,"column":43},"end":{"line":96,"column":1}}}},"branchMap":{"0":{"loc":{"start":{"line":20,"column":6},"end":{"line":27,"column":7}},"type":"if","locations":[{"start":{"line":20,"column":6},"end":{"line":27,"column":7}}]},"1":{"loc":{"start":{"line":31,"column":6},"end":{"line":37,"column":7}},"type":"if","locations":[{"start":{"line":31,"column":6},"end":{"line":37,"column":7}}]},"2":{"loc":{"start":{"line":43,"column":6},"end":{"line":49,"column":7}},"type":"if","locations":[{"start":{"line":43,"column":6},"end":{"line":49,"column":7}}]},"3":{"loc":{"start":{"line":52,"column":6},"end":{"line":63,"column":7}},"type":"if","locations":[{"start":{"line":52,"column":6},"end":{"line":63,"column":7}}]},"4":{"loc":{"start":{"line":56,"column":8},"end":{"line":62,"column":9}},"type":"if","locations":[{"start":{"line":56,"column":8},"end":{"line":62,"column":9}}]},"5":{"loc":{"start":{"line":84,"column":2},"end":{"line":95,"column":3}},"type":"switch","locations":[{"start":{"line":85,"column":4},"end":{"line":86,"column":20}},{"start":{"line":87,"column":4},"end":{"line":87,"column":16}},{"start":{"line":88,"column":4},"end":{"line":88,"column":15}},{"start":{"line":89,"column":4},"end":{"line":90,"column":21}},{"start":{"line":91,"column":4},"end":{"line":92,"column":22}},{"start":{"line":93,"column":4},"end":{"line":94,"column":20}}]}},"s":{"0":1,"1":7,"2":10,"3":10,"4":10,"5":1,"6":1,"7":9,"8":9,"9":1,"10":1,"11":8,"12":8,"13":8,"14":1,"15":1,"16":7,"17":6,"18":6,"19":6,"20":1,"21":1,"22":6,"23":0,"24":0,"25":6,"26":2,"27":2,"28":2,"29":0},"f":{"0":7,"1":10,"2":6},"b":{"0":[1],"1":[1],"2":[1],"3":[6],"4":[1],"5":[2,1,2,2,2,0]}}
,"/Users/sirkitree/repos/tugboat/tugboat-mcp/src/resources/index.ts": {"path":"/Users/sirkitree/repos/tugboat/tugboat-mcp/src/resources/index.ts","statementMap":{"0":{"start":{"line":15,"column":0},"end":{"line":15,"column":16}},"1":{"start":{"line":1,"column":0},"end":{"line":1,"column":86}},"2":{"start":{"line":2,"column":0},"end":{"line":2,"column":55}},"3":{"start":{"line":3,"column":0},"end":{"line":3,"column":44}},"4":{"start":{"line":4,"column":0},"end":{"line":4,"column":44}},"5":{"start":{"line":16,"column":17},"end":{"line":16,"column":28}},"6":{"start":{"line":17,"column":20},"end":{"line":17,"column":71}},"7":{"start":{"line":18,"column":22},"end":{"line":18,"column":48}},"8":{"start":{"line":21,"column":14},"end":{"line":24,"column":4}},"9":{"start":{"line":27,"column":2},"end":{"line":27,"column":64}},"10":{"start":{"line":30,"column":2},"end":{"line":30,"column":64}},"11":{"start":{"line":33,"column":2},"end":{"line":33,"column":61}},"12":{"start":{"line":41,"column":2},"end":{"line":67,"column":4}},"13":{"start":{"line":46,"column":27},"end":{"line":46,"column":77}},"14":{"start":{"line":47,"column":6},"end":{"line":49,"column":7}},"15":{"start":{"line":48,"column":8},"end":{"line":48,"column":73}},"16":{"start":{"line":51,"column":6},"end":{"line":51,"column":38}},"17":{"start":{"line":52,"column":23},"end":{"line":52,"column":55}},"18":{"start":{"line":54,"column":6},"end":{"line":65,"column":8}},"19":{"start":{"line":70,"column":2},"end":{"line":96,"column":4}},"20":{"start":{"line":75,"column":27},"end":{"line":75,"column":82}},"21":{"start":{"line":76,"column":6},"end":{"line":78,"column":7}},"22":{"start":{"line":77,"column":8},"end":{"line":77,"column":78}},"23":{"start":{"line":80,"column":6},"end":{"line":80,"column":43}},"24":{"start":{"line":81,"column":22},"end":{"line":81,"column":60}},"25":{"start":{"line":83,"column":6},"end":{"line":94,"column":8}},"26":{"start":{"line":104,"column":2},"end":{"line":211,"column":4}},"27":{"start":{"line":108,"column":6},"end":{"line":209,"column":7}},"28":{"start":{"line":110,"column":29},"end":{"line":110,"column":79}},"29":{"start":{"line":111,"column":8},"end":{"line":113,"column":9}},"30":{"start":{"line":112,"column":10},"end":{"line":112,"column":75}},"31":{"start":{"line":115,"column":8},"end":{"line":115,"column":54}},"32":{"start":{"line":118,"column":8},"end":{"line":193,"column":9}},"33":{"start":{"line":119,"column":27},"end":{"line":119,"column":59}},"34":{"start":{"line":120,"column":10},"end":{"line":120,"column":75}},"35":{"start":{"line":122,"column":10},"end":{"line":133,"column":12}},"36":{"start":{"line":135,"column":10},"end":{"line":135,"column":102}},"37":{"start":{"line":138,"column":10},"end":{"line":138,"column":50}},"38":{"start":{"line":139,"column":27},"end":{"line":139,"column":59}},"39":{"start":{"line":142,"column":10},"end":{"line":192,"column":11}},"40":{"start":{"line":143,"column":12},"end":{"line":143,"column":87}},"41":{"start":{"line":146,"column":32},"end":{"line":146,"column":34}},"42":{"start":{"line":148,"column":12},"end":{"line":162,"column":13}},"43":{"start":{"line":149,"column":14},"end":{"line":161,"column":15}},"44":{"start":{"line":150,"column":16},"end":{"line":157,"column":17}},"45":{"start":{"line":151,"column":18},"end":{"line":151,"column":76}},"46":{"start":{"line":152,"column":42},"end":{"line":152,"column":94}},"47":{"start":{"line":154,"column":18},"end":{"line":156,"column":19}},"48":{"start":{"line":155,"column":20},"end":{"line":155,"column":57}},"49":{"start":{"line":159,"column":16},"end":{"line":159,"column":126}},"50":{"start":{"line":164,"column":12},"end":{"line":164,"column":96}},"51":{"start":{"line":165,"column":12},"end":{"line":176,"column":14}},"52":{"start":{"line":179,"column":12},"end":{"line":179,"column":56}},"53":{"start":{"line":180,"column":12},"end":{"line":191,"column":14}},"54":{"start":{"line":195,"column":8},"end":{"line":195,"column":88}},"55":{"start":{"line":197,"column":8},"end":{"line":208,"column":10}},"56":{"start":{"line":214,"column":2},"end":{"line":257,"column":4}},"57":{"start":{"line":218,"column":6},"end":{"line":255,"column":7}},"58":{"start":{"line":220,"column":29},"end":{"line":220,"column":84}},"59":{"start":{"line":221,"column":8},"end":{"line":223,"column":9}},"60":{"start":{"line":222,"column":10},"end":{"line":222,"column":80}},"61":{"start":{"line":225,"column":8},"end":{"line":225,"column":45}},"62":{"start":{"line":226,"column":24},"end":{"line":226,"column":62}},"63":{"start":{"line":228,"column":8},"end":{"line":239,"column":10}},"64":{"start":{"line":241,"column":8},"end":{"line":241,"column":90}},"65":{"start":{"line":243,"column":8},"end":{"line":254,"column":10}},"66":{"start":{"line":260,"column":2},"end":{"line":303,"column":4}},"67":{"start":{"line":264,"column":6},"end":{"line":301,"column":7}},"68":{"start":{"line":266,"column":29},"end":{"line":266,"column":89}},"69":{"start":{"line":267,"column":8},"end":{"line":269,"column":9}},"70":{"start":{"line":268,"column":10},"end":{"line":268,"column":89}},"71":{"start":{"line":271,"column":8},"end":{"line":271,"column":54}},"72":{"start":{"line":272,"column":21},"end":{"line":272,"column":64}},"73":{"start":{"line":274,"column":8},"end":{"line":285,"column":10}},"74":{"start":{"line":287,"column":8},"end":{"line":287,"column":99}},"75":{"start":{"line":289,"column":8},"end":{"line":300,"column":10}},"76":{"start":{"line":311,"column":2},"end":{"line":354,"column":4}},"77":{"start":{"line":315,"column":6},"end":{"line":352,"column":7}},"78":{"start":{"line":317,"column":29},"end":{"line":317,"column":83}},"79":{"start":{"line":318,"column":8},"end":{"line":320,"column":9}},"80":{"start":{"line":319,"column":10},"end":{"line":319,"column":79}},"81":{"start":{"line":322,"column":8},"end":{"line":322,"column":44}},"82":{"start":{"line":323,"column":22},"end":{"line":323,"column":51}},"83":{"start":{"line":325,"column":8},"end":{"line":336,"column":10}},"84":{"start":{"line":338,"column":8},"end":{"line":338,"column":89}},"85":{"start":{"line":340,"column":8},"end":{"line":351,"column":10}},"86":{"start":{"line":357,"column":2},"end":{"line":400,"column":4}},"87":{"start":{"line":361,"column":6},"end":{"line":398,"column":7}},"88":{"start":{"line":363,"column":29},"end":{"line":363,"column":87}},"89":{"start":{"line":364,"column":8},"end":{"line":366,"column":9}},"90":{"start":{"line":365,"column":10},"end":{"line":365,"column":83}},"91":{"start":{"line":368,"column":8},"end":{"line":368,"column":48}},"92":{"start":{"line":369,"column":21},"end":{"line":369,"column":56}},"93":{"start":{"line":371,"column":8},"end":{"line":382,"column":10}},"94":{"start":{"line":384,"column":8},"end":{"line":384,"column":93}},"95":{"start":{"line":386,"column":8},"end":{"line":397,"column":10}}},"fnMap":{"0":{"name":"registerResources","decl":{"start":{"line":15,"column":16},"end":{"line":15,"column":33}},"loc":{"start":{"line":15,"column":68},"end":{"line":34,"column":1}}},"1":{"name":"registerProjectResources","decl":{"start":{"line":39,"column":9},"end":{"line":39,"column":33}},"loc":{"start":{"line":39,"column":122},"end":{"line":97,"column":1}}},"2":{"name":"(anonymous_2)","decl":{"start":{"line":44,"column":4},"end":{"line":44,"column":9}},"loc":{"start":{"line":44,"column":18},"end":{"line":66,"column":5}}},"3":{"name":"(anonymous_3)","decl":{"start":{"line":73,"column":4},"end":{"line":73,"column":9}},"loc":{"start":{"line":73,"column":26},"end":{"line":95,"column":5}}},"4":{"name":"registerPreviewResources","decl":{"start":{"line":102,"column":9},"end":{"line":102,"column":33}},"loc":{"start":{"line":102,"column":122},"end":{"line":304,"column":1}}},"5":{"name":"(anonymous_5)","decl":{"start":{"line":107,"column":4},"end":{"line":107,"column":9}},"loc":{"start":{"line":107,"column":18},"end":{"line":210,"column":5}}},"6":{"name":"(anonymous_6)","decl":{"start":{"line":217,"column":4},"end":{"line":217,"column":9}},"loc":{"start":{"line":217,"column":26},"end":{"line":256,"column":5}}},"7":{"name":"(anonymous_7)","decl":{"start":{"line":263,"column":4},"end":{"line":263,"column":9}},"loc":{"start":{"line":263,"column":26},"end":{"line":302,"column":5}}},"8":{"name":"registerRepoResources","decl":{"start":{"line":309,"column":9},"end":{"line":309,"column":30}},"loc":{"start":{"line":309,"column":119},"end":{"line":401,"column":1}}},"9":{"name":"(anonymous_9)","decl":{"start":{"line":314,"column":4},"end":{"line":314,"column":9}},"loc":{"start":{"line":314,"column":18},"end":{"line":353,"column":5}}},"10":{"name":"(anonymous_10)","decl":{"start":{"line":360,"column":4},"end":{"line":360,"column":9}},"loc":{"start":{"line":360,"column":26},"end":{"line":399,"column":5}}}},"branchMap":{"0":{"loc":{"start":{"line":21,"column":14},"end":{"line":24,"column":4}},"type":"binary-expr","locations":[{"start":{"line":21,"column":14},"end":{"line":21,"column":20}},{"start":{"line":21,"column":24},"end":{"line":24,"column":4}}]},"1":{"loc":{"start":{"line":47,"column":6},"end":{"line":49,"column":7}},"type":"if","locations":[{"start":{"line":47,"column":6},"end":{"line":49,"column":7}}]},"2":{"loc":{"start":{"line":76,"column":6},"end":{"line":78,"column":7}},"type":"if","locations":[{"start":{"line":76,"column":6},"end":{"line":78,"column":7}}]},"3":{"loc":{"start":{"line":88,"column":33},"end":{"line":88,"column":51}},"type":"binary-expr","locations":[{"start":{"line":88,"column":33},"end":{"line":88,"column":45}},{"start":{"line":88,"column":49},"end":{"line":88,"column":51}}]},"4":{"loc":{"start":{"line":111,"column":8},"end":{"line":113,"column":9}},"type":"if","locations":[{"start":{"line":111,"column":8},"end":{"line":113,"column":9}}]},"5":{"loc":{"start":{"line":120,"column":32},"end":{"line":120,"column":62}},"type":"cond-expr","locations":[{"start":{"line":120,"column":43},"end":{"line":120,"column":58}},{"start":{"line":120,"column":61},"end":{"line":120,"column":62}}]},"6":{"loc":{"start":{"line":135,"column":58},"end":{"line":135,"column":98}},"type":"binary-expr","locations":[{"start":{"line":135,"column":58},"end":{"line":135,"column":79}},{"start":{"line":135,"column":83},"end":{"line":135,"column":98}}]},"7":{"loc":{"start":{"line":142,"column":10},"end":{"line":192,"column":11}},"type":"if","locations":[{"start":{"line":142,"column":10},"end":{"line":192,"column":11}},{"start":{"line":177,"column":17},"end":{"line":192,"column":11}}]},"8":{"loc":{"start":{"line":142,"column":14},"end":{"line":142,"column":60}},"type":"binary-expr","locations":[{"start":{"line":142,"column":14},"end":{"line":142,"column":37}},{"start":{"line":142,"column":41},"end":{"line":142,"column":60}}]},"9":{"loc":{"start":{"line":150,"column":16},"end":{"line":157,"column":17}},"type":"if","locations":[{"start":{"line":150,"column":16},"end":{"line":157,"column":17}}]},"10":{"loc":{"start":{"line":154,"column":18},"end":{"line":156,"column":19}},"type":"if","locations":[{"start":{"line":154,"column":18},"end":{"line":156,"column":19}}]},"11":{"loc":{"start":{"line":159,"column":83},"end":{"line":159,"column":122}},"type":"binary-expr","locations":[{"start":{"line":159,"column":83},"end":{"line":159,"column":103}},{"start":{"line":159,"column":107},"end":{"line":159,"column":122}}]},"12":{"loc":{"start":{"line":195,"column":52},"end":{"line":195,"column":84}},"type":"binary-expr","locations":[{"start":{"line":195,"column":52},"end":{"line":195,"column":65}},{"start":{"line":195,"column":69},"end":{"line":195,"column":84}}]},"13":{"loc":{"start":{"line":205,"column":48},"end":{"line":205,"column":80}},"type":"binary-expr","locations":[{"start":{"line":205,"column":48},"end":{"line":205,"column":61}},{"start":{"line":205,"column":65},"end":{"line":205,"column":80}}]},"14":{"loc":{"start":{"line":221,"column":8},"end":{"line":223,"column":9}},"type":"if","locations":[{"start":{"line":221,"column":8},"end":{"line":223,"column":9}}]},"15":{"loc":{"start":{"line":233,"column":35},"end":{"line":233,"column":53}},"type":"binary-expr","locations":[{"start":{"line":233,"column":35},"end":{"line":233,"column":47}},{"start":{"line":233,"column":51},"end":{"line":233,"column":53}}]},"16":{"loc":{"start":{"line":241,"column":54},"end":{"line":241,"column":86}},"type":"binary-expr","locations":[{"start":{"line":241,"column":54},"end":{"line":241,"column":67}},{"start":{"line":241,"column":71},"end":{"line":241,"column":86}}]},"17":{"loc":{"start":{"line":251,"column":47},"end":{"line":251,"column":79}},"type":"binary-expr","locations":[{"start":{"line":251,"column":47},"end":{"line":251,"column":60}},{"start":{"line":251,"column":64},"end":{"line":251,"column":79}}]},"18":{"loc":{"start":{"line":267,"column":8},"end":{"line":269,"column":9}},"type":"if","locations":[{"start":{"line":267,"column":8},"end":{"line":269,"column":9}}]},"19":{"loc":{"start":{"line":287,"column":63},"end":{"line":287,"column":95}},"type":"binary-expr","locations":[{"start":{"line":287,"column":63},"end":{"line":287,"column":76}},{"start":{"line":287,"column":80},"end":{"line":287,"column":95}}]},"20":{"loc":{"start":{"line":297,"column":52},"end":{"line":297,"column":84}},"type":"binary-expr","locations":[{"start":{"line":297,"column":52},"end":{"line":297,"column":65}},{"start":{"line":297,"column":69},"end":{"line":297,"column":84}}]},"21":{"loc":{"start":{"line":318,"column":8},"end":{"line":320,"column":9}},"type":"if","locations":[{"start":{"line":318,"column":8},"end":{"line":320,"column":9}}]},"22":{"loc":{"start":{"line":338,"column":53},"end":{"line":338,"column":85}},"type":"binary-expr","locations":[{"start":{"line":338,"column":53},"end":{"line":338,"column":66}},{"start":{"line":338,"column":70},"end":{"line":338,"column":85}}]},"23":{"loc":{"start":{"line":348,"column":52},"end":{"line":348,"column":84}},"type":"binary-expr","locations":[{"start":{"line":348,"column":52},"end":{"line":348,"column":65}},{"start":{"line":348,"column":69},"end":{"line":348,"column":84}}]},"24":{"loc":{"start":{"line":364,"column":8},"end":{"line":366,"column":9}},"type":"if","locations":[{"start":{"line":364,"column":8},"end":{"line":366,"column":9}}]},"25":{"loc":{"start":{"line":376,"column":38},"end":{"line":376,"column":53}},"type":"binary-expr","locations":[{"start":{"line":376,"column":38},"end":{"line":376,"column":47}},{"start":{"line":376,"column":51},"end":{"line":376,"column":53}}]},"26":{"loc":{"start":{"line":384,"column":57},"end":{"line":384,"column":89}},"type":"binary-expr","locations":[{"start":{"line":384,"column":57},"end":{"line":384,"column":70}},{"start":{"line":384,"column":74},"end":{"line":384,"column":89}}]},"27":{"loc":{"start":{"line":394,"column":50},"end":{"line":394,"column":82}},"type":"binary-expr","locations":[{"start":{"line":394,"column":50},"end":{"line":394,"column":63}},{"start":{"line":394,"column":67},"end":{"line":394,"column":82}}]}},"s":{"0":0,"1":0,"2":0,"3":0,"4":0,"5":0,"6":0,"7":0,"8":0,"9":0,"10":0,"11":0,"12":0,"13":0,"14":0,"15":0,"16":0,"17":0,"18":0,"19":0,"20":0,"21":0,"22":0,"23":0,"24":0,"25":0,"26":0,"27":0,"28":0,"29":0,"30":0,"31":0,"32":0,"33":0,"34":0,"35":0,"36":0,"37":0,"38":0,"39":0,"40":0,"41":0,"42":0,"43":0,"44":0,"45":0,"46":0,"47":0,"48":0,"49":0,"50":0,"51":0,"52":0,"53":0,"54":0,"55":0,"56":0,"57":0,"58":0,"59":0,"60":0,"61":0,"62":0,"63":0,"64":0,"65":0,"66":0,"67":0,"68":0,"69":0,"70":0,"71":0,"72":0,"73":0,"74":0,"75":0,"76":0,"77":0,"78":0,"79":0,"80":0,"81":0,"82":0,"83":0,"84":0,"85":0,"86":0,"87":0,"88":0,"89":0,"90":0,"91":0,"92":0,"93":0,"94":0,"95":0},"f":{"0":0,"1":0,"2":0,"3":0,"4":0,"5":0,"6":0,"7":0,"8":0,"9":0,"10":0},"b":{"0":[0,0],"1":[0],"2":[0],"3":[0,0],"4":[0],"5":[0,0],"6":[0,0],"7":[0,0],"8":[0,0],"9":[0],"10":[0],"11":[0,0],"12":[0,0],"13":[0,0],"14":[0],"15":[0,0],"16":[0,0],"17":[0,0],"18":[0],"19":[0,0],"20":[0,0],"21":[0],"22":[0,0],"23":[0,0],"24":[0],"25":[0,0],"26":[0,0],"27":[0,0]}}
,"/Users/sirkitree/repos/tugboat/tugboat-mcp/src/tools/index.ts": {"path":"/Users/sirkitree/repos/tugboat/tugboat-mcp/src/tools/index.ts","statementMap":{"0":{"start":{"line":16,"column":0},"end":{"line":16,"column":16}},"1":{"start":{"line":2,"column":0},"end":{"line":2,"column":24}},"2":{"start":{"line":3,"column":0},"end":{"line":3,"column":55}},"3":{"start":{"line":4,"column":0},"end":{"line":4,"column":44}},"4":{"start":{"line":5,"column":0},"end":{"line":5,"column":44}},"5":{"start":{"line":17,"column":17},"end":{"line":17,"column":28}},"6":{"start":{"line":18,"column":20},"end":{"line":18,"column":71}},"7":{"start":{"line":19,"column":22},"end":{"line":19,"column":48}},"8":{"start":{"line":22,"column":14},"end":{"line":25,"column":4}},"9":{"start":{"line":28,"column":2},"end":{"line":28,"column":60}},"10":{"start":{"line":31,"column":2},"end":{"line":31,"column":59}},"11":{"start":{"line":34,"column":2},"end":{"line":34,"column":60}},"12":{"start":{"line":37,"column":2},"end":{"line":37,"column":63}},"13":{"start":{"line":45,"column":2},"end":{"line":134,"column":4}},"14":{"start":{"line":70,"column":6},"end":{"line":132,"column":7}},"15":{"start":{"line":72,"column":29},"end":{"line":72,"column":90}},"16":{"start":{"line":73,"column":8},"end":{"line":82,"column":9}},"17":{"start":{"line":74,"column":10},"end":{"line":81,"column":12}},"18":{"start":{"line":85,"column":8},"end":{"line":98,"column":9}},"19":{"start":{"line":86,"column":32},"end":{"line":86,"column":34}},"20":{"start":{"line":87,"column":10},"end":{"line":87,"column":48}},"21":{"start":{"line":87,"column":21},"end":{"line":87,"column":48}},"22":{"start":{"line":88,"column":10},"end":{"line":88,"column":46}},"23":{"start":{"line":88,"column":20},"end":{"line":88,"column":46}},"24":{"start":{"line":90,"column":10},"end":{"line":97,"column":12}},"25":{"start":{"line":101,"column":21},"end":{"line":105,"column":10}},"26":{"start":{"line":107,"column":8},"end":{"line":107,"column":77}},"27":{"start":{"line":110,"column":24},"end":{"line":110,"column":77}},"28":{"start":{"line":113,"column":8},"end":{"line":120,"column":10}},"29":{"start":{"line":122,"column":8},"end":{"line":122,"column":84}},"30":{"start":{"line":124,"column":8},"end":{"line":131,"column":10}},"31":{"start":{"line":137,"column":2},"end":{"line":180,"column":4}},"32":{"start":{"line":143,"column":6},"end":{"line":178,"column":7}},"33":{"start":{"line":145,"column":29},"end":{"line":145,"column":92}},"34":{"start":{"line":146,"column":8},"end":{"line":155,"column":9}},"35":{"start":{"line":147,"column":10},"end":{"line":154,"column":12}},"36":{"start":{"line":157,"column":8},"end":{"line":157,"column":61}},"37":{"start":{"line":159,"column":8},"end":{"line":166,"column":10}},"38":{"start":{"line":168,"column":8},"end":{"line":168,"column":97}},"39":{"start":{"line":170,"column":8},"end":{"line":177,"column":10}},"40":{"start":{"line":183,"column":2},"end":{"line":226,"column":4}},"41":{"start":{"line":189,"column":6},"end":{"line":224,"column":7}},"42":{"start":{"line":191,"column":29},"end":{"line":191,"column":92}},"43":{"start":{"line":192,"column":8},"end":{"line":201,"column":9}},"44":{"start":{"line":193,"column":10},"end":{"line":200,"column":12}},"45":{"start":{"line":203,"column":8},"end":{"line":203,"column":63}},"46":{"start":{"line":205,"column":8},"end":{"line":212,"column":10}},"47":{"start":{"line":214,"column":8},"end":{"line":214,"column":99}},"48":{"start":{"line":216,"column":8},"end":{"line":223,"column":10}},"49":{"start":{"line":229,"column":2},"end":{"line":272,"column":4}},"50":{"start":{"line":235,"column":6},"end":{"line":270,"column":7}},"51":{"start":{"line":237,"column":29},"end":{"line":237,"column":93}},"52":{"start":{"line":238,"column":8},"end":{"line":247,"column":9}},"53":{"start":{"line":239,"column":10},"end":{"line":246,"column":12}},"54":{"start":{"line":249,"column":8},"end":{"line":249,"column":57}},"55":{"start":{"line":251,"column":8},"end":{"line":258,"column":10}},"56":{"start":{"line":260,"column":8},"end":{"line":260,"column":97}},"57":{"start":{"line":262,"column":8},"end":{"line":269,"column":10}},"58":{"start":{"line":280,"column":2},"end":{"line":454,"column":4}},"59":{"start":{"line":287,"column":6},"end":{"line":452,"column":7}},"60":{"start":{"line":289,"column":29},"end":{"line":289,"column":79}},"61":{"start":{"line":290,"column":8},"end":{"line":299,"column":9}},"62":{"start":{"line":291,"column":10},"end":{"line":298,"column":12}},"63":{"start":{"line":301,"column":8},"end":{"line":301,"column":69}},"64":{"start":{"line":304,"column":8},"end":{"line":440,"column":9}},"65":{"start":{"line":306,"column":30},"end":{"line":306,"column":62}},"66":{"start":{"line":308,"column":10},"end":{"line":310,"column":11}},"67":{"start":{"line":309,"column":12},"end":{"line":309,"column":67}},"68":{"start":{"line":313,"column":35},"end":{"line":333,"column":12}},"69":{"start":{"line":315,"column":12},"end":{"line":317,"column":13}},"70":{"start":{"line":316,"column":14},"end":{"line":316,"column":27}},"71":{"start":{"line":320,"column":31},"end":{"line":320,"column":50}},"72":{"start":{"line":323,"column":12},"end":{"line":332,"column":14}},"73":{"start":{"line":335,"column":10},"end":{"line":335,"column":121}},"74":{"start":{"line":338,"column":27},"end":{"line":338,"column":95}},"75":{"start":{"line":340,"column":10},"end":{"line":351,"column":11}},"76":{"start":{"line":341,"column":12},"end":{"line":341,"column":56}},"77":{"start":{"line":344,"column":12},"end":{"line":350,"column":15}},"78":{"start":{"line":345,"column":14},"end":{"line":345,"column":95}},"79":{"start":{"line":346,"column":14},"end":{"line":346,"column":72}},"80":{"start":{"line":347,"column":14},"end":{"line":347,"column":72}},"81":{"start":{"line":347,"column":31},"end":{"line":347,"column":72}},"82":{"start":{"line":348,"column":14},"end":{"line":348,"column":111}},"83":{"start":{"line":348,"column":35},"end":{"line":348,"column":111}},"84":{"start":{"line":349,"column":14},"end":{"line":349,"column":33}},"85":{"start":{"line":353,"column":10},"end":{"line":360,"column":12}},"86":{"start":{"line":362,"column":10},"end":{"line":362,"column":99}},"87":{"start":{"line":365,"column":10},"end":{"line":365,"column":78}},"88":{"start":{"line":366,"column":27},"end":{"line":366,"column":59}},"89":{"start":{"line":368,"column":10},"end":{"line":370,"column":11}},"90":{"start":{"line":369,"column":12},"end":{"line":369,"column":76}},"91":{"start":{"line":373,"column":30},"end":{"line":373,"column":32}},"92":{"start":{"line":375,"column":10},"end":{"line":389,"column":11}},"93":{"start":{"line":376,"column":12},"end":{"line":388,"column":13}},"94":{"start":{"line":377,"column":14},"end":{"line":384,"column":15}},"95":{"start":{"line":378,"column":16},"end":{"line":378,"column":74}},"96":{"start":{"line":379,"column":40},"end":{"line":379,"column":92}},"97":{"start":{"line":381,"column":16},"end":{"line":383,"column":17}},"98":{"start":{"line":382,"column":18},"end":{"line":382,"column":55}},"99":{"start":{"line":386,"column":14},"end":{"line":386,"column":124}},"100":{"start":{"line":392,"column":35},"end":{"line":412,"column":12}},"101":{"start":{"line":394,"column":12},"end":{"line":396,"column":13}},"102":{"start":{"line":395,"column":14},"end":{"line":395,"column":27}},"103":{"start":{"line":399,"column":31},"end":{"line":399,"column":50}},"104":{"start":{"line":402,"column":12},"end":{"line":411,"column":14}},"105":{"start":{"line":414,"column":10},"end":{"line":414,"column":137}},"106":{"start":{"line":417,"column":27},"end":{"line":417,"column":95}},"107":{"start":{"line":419,"column":10},"end":{"line":430,"column":11}},"108":{"start":{"line":420,"column":12},"end":{"line":420,"column":56}},"109":{"start":{"line":423,"column":12},"end":{"line":429,"column":15}},"110":{"start":{"line":424,"column":14},"end":{"line":424,"column":95}},"111":{"start":{"line":425,"column":14},"end":{"line":425,"column":72}},"112":{"start":{"line":426,"column":14},"end":{"line":426,"column":72}},"113":{"start":{"line":426,"column":31},"end":{"line":426,"column":72}},"114":{"start":{"line":427,"column":14},"end":{"line":427,"column":111}},"115":{"start":{"line":427,"column":35},"end":{"line":427,"column":111}},"116":{"start":{"line":428,"column":14},"end":{"line":428,"column":33}},"117":{"start":{"line":432,"column":10},"end":{"line":439,"column":12}},"118":{"start":{"line":442,"column":8},"end":{"line":442,"column":86}},"119":{"start":{"line":444,"column":8},"end":{"line":451,"column":10}},"120":{"start":{"line":457,"column":2},"end":{"line":539,"column":4}},"121":{"start":{"line":463,"column":6},"end":{"line":537,"column":7}},"122":{"start":{"line":465,"column":29},"end":{"line":465,"column":79}},"123":{"start":{"line":466,"column":8},"end":{"line":475,"column":9}},"124":{"start":{"line":467,"column":10},"end":{"line":474,"column":12}},"125":{"start":{"line":477,"column":8},"end":{"line":477,"column":69}},"126":{"start":{"line":480,"column":28},"end":{"line":480,"column":60}},"127":{"start":{"line":482,"column":8},"end":{"line":484,"column":9}},"128":{"start":{"line":483,"column":10},"end":{"line":483,"column":65}},"129":{"start":{"line":487,"column":33},"end":{"line":500,"column":10}},"130":{"start":{"line":489,"column":29},"end":{"line":489,"column":48}},"131":{"start":{"line":492,"column":10},"end":{"line":499,"column":12}},"132":{"start":{"line":502,"column":8},"end":{"line":502,"column":119}},"133":{"start":{"line":505,"column":25},"end":{"line":505,"column":93}},"134":{"start":{"line":507,"column":8},"end":{"line":516,"column":9}},"135":{"start":{"line":508,"column":10},"end":{"line":508,"column":54}},"136":{"start":{"line":511,"column":10},"end":{"line":515,"column":13}},"137":{"start":{"line":512,"column":12},"end":{"line":512,"column":93}},"138":{"start":{"line":513,"column":12},"end":{"line":513,"column":94}},"139":{"start":{"line":513,"column":37},"end":{"line":513,"column":94}},"140":{"start":{"line":514,"column":12},"end":{"line":514,"column":31}},"141":{"start":{"line":518,"column":8},"end":{"line":525,"column":10}},"142":{"start":{"line":527,"column":8},"end":{"line":527,"column":86}},"143":{"start":{"line":529,"column":8},"end":{"line":536,"column":10}},"144":{"start":{"line":547,"column":2},"end":{"line":618,"column":4}},"145":{"start":{"line":551,"column":6},"end":{"line":616,"column":7}},"146":{"start":{"line":553,"column":29},"end":{"line":553,"column":79}},"147":{"start":{"line":554,"column":8},"end":{"line":563,"column":9}},"148":{"start":{"line":555,"column":10},"end":{"line":562,"column":12}},"149":{"start":{"line":565,"column":8},"end":{"line":565,"column":44}},"150":{"start":{"line":568,"column":25},"end":{"line":568,"column":57}},"151":{"start":{"line":570,"column":8},"end":{"line":572,"column":9}},"152":{"start":{"line":571,"column":10},"end":{"line":571,"column":65}},"153":{"start":{"line":574,"column":8},"end":{"line":583,"column":9}},"154":{"start":{"line":575,"column":10},"end":{"line":582,"column":12}},"155":{"start":{"line":586,"column":25},"end":{"line":586,"column":65}},"156":{"start":{"line":588,"column":8},"end":{"line":595,"column":11}},"157":{"start":{"line":589,"column":10},"end":{"line":589,"column":91}},"158":{"start":{"line":590,"column":10},"end":{"line":590,"column":61}},"159":{"start":{"line":591,"column":10},"end":{"line":591,"column":61}},"160":{"start":{"line":592,"column":10},"end":{"line":592,"column":65}},"161":{"start":{"line":593,"column":10},"end":{"line":593,"column":58}},"162":{"start":{"line":594,"column":10},"end":{"line":594,"column":84}},"163":{"start":{"line":597,"column":8},"end":{"line":604,"column":10}},"164":{"start":{"line":606,"column":8},"end":{"line":606,"column":84}},"165":{"start":{"line":608,"column":8},"end":{"line":615,"column":10}},"166":{"start":{"line":621,"column":2},"end":{"line":689,"column":4}},"167":{"start":{"line":630,"column":6},"end":{"line":687,"column":7}},"168":{"start":{"line":632,"column":29},"end":{"line":632,"column":79}},"169":{"start":{"line":633,"column":8},"end":{"line":642,"column":9}},"170":{"start":{"line":634,"column":10},"end":{"line":641,"column":12}},"171":{"start":{"line":644,"column":8},"end":{"line":644,"column":54}},"172":{"start":{"line":647,"column":24},"end":{"line":647,"column":62}},"173":{"start":{"line":650,"column":25},"end":{"line":650,"column":47}},"174":{"start":{"line":651,"column":8},"end":{"line":651,"column":44}},"175":{"start":{"line":652,"column":8},"end":{"line":652,"column":61}},"176":{"start":{"line":653,"column":8},"end":{"line":653,"column":56}},"177":{"start":{"line":654,"column":8},"end":{"line":654,"column":56}},"178":{"start":{"line":655,"column":8},"end":{"line":655,"column":60}},"179":{"start":{"line":656,"column":8},"end":{"line":656,"column":53}},"180":{"start":{"line":657,"column":8},"end":{"line":657,"column":55}},"181":{"start":{"line":658,"column":8},"end":{"line":658,"column":67}},"182":{"start":{"line":659,"column":8},"end":{"line":659,"column":48}},"183":{"start":{"line":660,"column":8},"end":{"line":660,"column":58}},"184":{"start":{"line":661,"column":8},"end":{"line":661,"column":85}},"185":{"start":{"line":662,"column":8},"end":{"line":662,"column":65}},"186":{"start":{"line":663,"column":8},"end":{"line":663,"column":77}},"187":{"start":{"line":664,"column":8},"end":{"line":664,"column":89}},"188":{"start":{"line":665,"column":8},"end":{"line":665,"column":86}},"189":{"start":{"line":666,"column":8},"end":{"line":666,"column":89}},"190":{"start":{"line":668,"column":8},"end":{"line":675,"column":10}},"191":{"start":{"line":677,"column":8},"end":{"line":677,"column":83}},"192":{"start":{"line":679,"column":8},"end":{"line":686,"column":10}},"193":{"start":{"line":692,"column":2},"end":{"line":755,"column":4}},"194":{"start":{"line":703,"column":6},"end":{"line":753,"column":7}},"195":{"start":{"line":705,"column":29},"end":{"line":705,"column":80}},"196":{"start":{"line":706,"column":8},"end":{"line":715,"column":9}},"197":{"start":{"line":707,"column":10},"end":{"line":714,"column":12}},"198":{"start":{"line":717,"column":8},"end":{"line":717,"column":54}},"199":{"start":{"line":720,"column":48},"end":{"line":720,"column":50}},"200":{"start":{"line":721,"column":8},"end":{"line":721,"column":55}},"201":{"start":{"line":721,"column":32},"end":{"line":721,"column":55}},"202":{"start":{"line":722,"column":8},"end":{"line":722,"column":61}},"203":{"start":{"line":722,"column":34},"end":{"line":722,"column":61}},"204":{"start":{"line":725,"column":31},"end":{"line":725,"column":83}},"205":{"start":{"line":728,"column":25},"end":{"line":728,"column":60}},"206":{"start":{"line":729,"column":8},"end":{"line":729,"column":51}},"207":{"start":{"line":730,"column":8},"end":{"line":730,"column":68}},"208":{"start":{"line":731,"column":8},"end":{"line":731,"column":72}},"209":{"start":{"line":732,"column":8},"end":{"line":732,"column":63}},"210":{"start":{"line":734,"column":8},"end":{"line":741,"column":10}},"211":{"start":{"line":743,"column":8},"end":{"line":743,"column":84}},"212":{"start":{"line":745,"column":8},"end":{"line":752,"column":10}},"213":{"start":{"line":758,"column":2},"end":{"line":820,"column":4}},"214":{"start":{"line":768,"column":6},"end":{"line":818,"column":7}},"215":{"start":{"line":770,"column":29},"end":{"line":770,"column":81}},"216":{"start":{"line":771,"column":8},"end":{"line":780,"column":9}},"217":{"start":{"line":772,"column":10},"end":{"line":779,"column":12}},"218":{"start":{"line":783,"column":8},"end":{"line":792,"column":9}},"219":{"start":{"line":784,"column":10},"end":{"line":791,"column":12}},"220":{"start":{"line":794,"column":8},"end":{"line":794,"column":54}},"221":{"start":{"line":797,"column":8},"end":{"line":797,"column":50}},"222":{"start":{"line":799,"column":8},"end":{"line":806,"column":10}},"223":{"start":{"line":808,"column":8},"end":{"line":808,"column":84}},"224":{"start":{"line":810,"column":8},"end":{"line":817,"column":10}},"225":{"start":{"line":823,"column":2},"end":{"line":899,"column":4}},"226":{"start":{"line":832,"column":6},"end":{"line":897,"column":7}},"227":{"start":{"line":834,"column":29},"end":{"line":834,"column":79}},"228":{"start":{"line":835,"column":8},"end":{"line":844,"column":9}},"229":{"start":{"line":836,"column":10},"end":{"line":843,"column":12}},"230":{"start":{"line":846,"column":8},"end":{"line":846,"column":63}},"231":{"start":{"line":849,"column":22},"end":{"line":849,"column":66}},"232":{"start":{"line":851,"column":8},"end":{"line":853,"column":9}},"233":{"start":{"line":852,"column":10},"end":{"line":852,"column":65}},"234":{"start":{"line":855,"column":8},"end":{"line":864,"column":9}},"235":{"start":{"line":856,"column":10},"end":{"line":863,"column":12}},"236":{"start":{"line":867,"column":25},"end":{"line":867,"column":84}},"237":{"start":{"line":869,"column":8},"end":{"line":876,"column":11}},"238":{"start":{"line":870,"column":10},"end":{"line":870,"column":85}},"239":{"start":{"line":871,"column":10},"end":{"line":871,"column":58}},"240":{"start":{"line":872,"column":10},"end":{"line":872,"column":48}},"241":{"start":{"line":873,"column":10},"end":{"line":873,"column":50}},"242":{"start":{"line":874,"column":10},"end":{"line":874,"column":58}},"243":{"start":{"line":875,"column":10},"end":{"line":875,"column":60}},"244":{"start":{"line":878,"column":8},"end":{"line":885,"column":10}},"245":{"start":{"line":887,"column":8},"end":{"line":887,"column":96}},"246":{"start":{"line":889,"column":8},"end":{"line":896,"column":10}},"247":{"start":{"line":902,"column":2},"end":{"line":989,"column":4}},"248":{"start":{"line":913,"column":6},"end":{"line":987,"column":7}},"249":{"start":{"line":915,"column":29},"end":{"line":915,"column":79}},"250":{"start":{"line":916,"column":8},"end":{"line":925,"column":9}},"251":{"start":{"line":917,"column":10},"end":{"line":924,"column":12}},"252":{"start":{"line":927,"column":8},"end":{"line":927,"column":55}},"253":{"start":{"line":930,"column":38},"end":{"line":930,"column":40}},"254":{"start":{"line":931,"column":8},"end":{"line":931,"column":77}},"255":{"start":{"line":931,"column":36},"end":{"line":931,"column":77}},"256":{"start":{"line":932,"column":8},"end":{"line":932,"column":68}},"257":{"start":{"line":932,"column":33},"end":{"line":932,"column":68}},"258":{"start":{"line":934,"column":28},"end":{"line":934,"column":85}},"259":{"start":{"line":937,"column":21},"end":{"line":937,"column":78}},"260":{"start":{"line":939,"column":8},"end":{"line":941,"column":9}},"261":{"start":{"line":940,"column":10},"end":{"line":940,"column":65}},"262":{"start":{"line":943,"column":8},"end":{"line":952,"column":9}},"263":{"start":{"line":944,"column":10},"end":{"line":951,"column":12}},"264":{"start":{"line":955,"column":25},"end":{"line":955,"column":75}},"265":{"start":{"line":957,"column":8},"end":{"line":966,"column":11}},"266":{"start":{"line":958,"column":10},"end":{"line":958,"column":60}},"267":{"start":{"line":959,"column":10},"end":{"line":959,"column":53}},"268":{"start":{"line":960,"column":10},"end":{"line":960,"column":53}},"269":{"start":{"line":961,"column":10},"end":{"line":961,"column":53}},"270":{"start":{"line":962,"column":10},"end":{"line":962,"column":55}},"271":{"start":{"line":963,"column":10},"end":{"line":963,"column":57}},"272":{"start":{"line":964,"column":10},"end":{"line":964,"column":57}},"273":{"start":{"line":965,"column":10},"end":{"line":965,"column":55}},"274":{"start":{"line":968,"column":8},"end":{"line":975,"column":10}},"275":{"start":{"line":977,"column":8},"end":{"line":977,"column":88}},"276":{"start":{"line":979,"column":8},"end":{"line":986,"column":10}},"277":{"start":{"line":992,"column":2},"end":{"line":1087,"column":4}},"278":{"start":{"line":1012,"column":6},"end":{"line":1085,"column":7}},"279":{"start":{"line":1014,"column":29},"end":{"line":1014,"column":79}},"280":{"start":{"line":1015,"column":8},"end":{"line":1024,"column":9}},"281":{"start":{"line":1016,"column":10},"end":{"line":1023,"column":12}},"282":{"start":{"line":1026,"column":8},"end":{"line":1026,"column":69}},"283":{"start":{"line":1029,"column":38},"end":{"line":1029,"column":40}},"284":{"start":{"line":1030,"column":8},"end":{"line":1030,"column":68}},"285":{"start":{"line":1030,"column":33},"end":{"line":1030,"column":68}},"286":{"start":{"line":1031,"column":8},"end":{"line":1031,"column":71}},"287":{"start":{"line":1031,"column":34},"end":{"line":1031,"column":71}},"288":{"start":{"line":1032,"column":8},"end":{"line":1032,"column":68}},"289":{"start":{"line":1032,"column":33},"end":{"line":1032,"column":68}},"290":{"start":{"line":1034,"column":28},"end":{"line":1034,"column":85}},"291":{"start":{"line":1037,"column":22},"end":{"line":1037,"column":93}},"292":{"start":{"line":1039,"column":8},"end":{"line":1041,"column":9}},"293":{"start":{"line":1040,"column":10},"end":{"line":1040,"column":65}},"294":{"start":{"line":1043,"column":8},"end":{"line":1052,"column":9}},"295":{"start":{"line":1044,"column":10},"end":{"line":1051,"column":12}},"296":{"start":{"line":1055,"column":25},"end":{"line":1055,"column":85}},"297":{"start":{"line":1057,"column":8},"end":{"line":1064,"column":11}},"298":{"start":{"line":1058,"column":10},"end":{"line":1058,"column":71}},"299":{"start":{"line":1059,"column":10},"end":{"line":1059,"column":52}},"300":{"start":{"line":1060,"column":10},"end":{"line":1060,"column":74}},"301":{"start":{"line":1060,"column":28},"end":{"line":1060,"column":74}},"302":{"start":{"line":1061,"column":10},"end":{"line":1061,"column":65}},"303":{"start":{"line":1061,"column":25},"end":{"line":1061,"column":65}},"304":{"start":{"line":1062,"column":10},"end":{"line":1062,"column":74}},"305":{"start":{"line":1062,"column":28},"end":{"line":1062,"column":74}},"306":{"start":{"line":1063,"column":10},"end":{"line":1063,"column":29}},"307":{"start":{"line":1066,"column":8},"end":{"line":1073,"column":10}},"308":{"start":{"line":1075,"column":8},"end":{"line":1075,"column":94}},"309":{"start":{"line":1077,"column":8},"end":{"line":1084,"column":10}},"310":{"start":{"line":1095,"column":2},"end":{"line":1198,"column":4}},"311":{"start":{"line":1137,"column":6},"end":{"line":1196,"column":7}},"312":{"start":{"line":1139,"column":29},"end":{"line":1139,"column":77}},"313":{"start":{"line":1140,"column":8},"end":{"line":1149,"column":9}},"314":{"start":{"line":1141,"column":10},"end":{"line":1148,"column":12}},"315":{"start":{"line":1151,"column":8},"end":{"line":1151,"column":134}},"316":{"start":{"line":1154,"column":24},"end":{"line":1161,"column":10}},"317":{"start":{"line":1164,"column":24},"end":{"line":1164,"column":63}},"318":{"start":{"line":1167,"column":25},"end":{"line":1167,"column":63}},"319":{"start":{"line":1168,"column":8},"end":{"line":1168,"column":44}},"320":{"start":{"line":1169,"column":8},"end":{"line":1169,"column":48}},"321":{"start":{"line":1170,"column":8},"end":{"line":1170,"column":56}},"322":{"start":{"line":1171,"column":8},"end":{"line":1171,"column":50}},"323":{"start":{"line":1172,"column":8},"end":{"line":1172,"column":48}},"324":{"start":{"line":1173,"column":8},"end":{"line":1173,"column":60}},"325":{"start":{"line":1174,"column":8},"end":{"line":1174,"column":66}},"326":{"start":{"line":1175,"column":8},"end":{"line":1175,"column":65}},"327":{"start":{"line":1177,"column":8},"end":{"line":1184,"column":10}},"328":{"start":{"line":1186,"column":8},"end":{"line":1186,"column":87}},"329":{"start":{"line":1188,"column":8},"end":{"line":1195,"column":10}},"330":{"start":{"line":1201,"column":2},"end":{"line":1277,"column":4}},"331":{"start":{"line":1210,"column":6},"end":{"line":1275,"column":7}},"332":{"start":{"line":1212,"column":29},"end":{"line":1212,"column":76}},"333":{"start":{"line":1213,"column":8},"end":{"line":1222,"column":9}},"334":{"start":{"line":1214,"column":10},"end":{"line":1221,"column":12}},"335":{"start":{"line":1224,"column":8},"end":{"line":1224,"column":57}},"336":{"start":{"line":1227,"column":21},"end":{"line":1227,"column":56}},"337":{"start":{"line":1230,"column":25},"end":{"line":1230,"column":50}},"338":{"start":{"line":1231,"column":8},"end":{"line":1231,"column":41}},"339":{"start":{"line":1232,"column":8},"end":{"line":1232,"column":58}},"340":{"start":{"line":1233,"column":8},"end":{"line":1233,"column":53}},"341":{"start":{"line":1234,"column":8},"end":{"line":1234,"column":51}},"342":{"start":{"line":1235,"column":8},"end":{"line":1235,"column":47}},"343":{"start":{"line":1236,"column":8},"end":{"line":1236,"column":45}},"344":{"start":{"line":1237,"column":8},"end":{"line":1237,"column":53}},"345":{"start":{"line":1238,"column":8},"end":{"line":1238,"column":53}},"346":{"start":{"line":1239,"column":8},"end":{"line":1239,"column":57}},"347":{"start":{"line":1240,"column":8},"end":{"line":1240,"column":52}},"348":{"start":{"line":1241,"column":8},"end":{"line":1241,"column":80}},"349":{"start":{"line":1242,"column":8},"end":{"line":1242,"column":62}},"350":{"start":{"line":1243,"column":8},"end":{"line":1243,"column":80}},"351":{"start":{"line":1244,"column":8},"end":{"line":1244,"column":94}},"352":{"start":{"line":1245,"column":8},"end":{"line":1245,"column":82}},"353":{"start":{"line":1246,"column":8},"end":{"line":1246,"column":84}},"354":{"start":{"line":1247,"column":8},"end":{"line":1247,"column":86}},"355":{"start":{"line":1249,"column":8},"end":{"line":1254,"column":9}},"356":{"start":{"line":1250,"column":10},"end":{"line":1250,"column":53}},"357":{"start":{"line":1251,"column":10},"end":{"line":1253,"column":13}},"358":{"start":{"line":1252,"column":12},"end":{"line":1252,"column":42}},"359":{"start":{"line":1256,"column":8},"end":{"line":1263,"column":10}},"360":{"start":{"line":1265,"column":8},"end":{"line":1265,"column":86}},"361":{"start":{"line":1267,"column":8},"end":{"line":1274,"column":10}},"362":{"start":{"line":1280,"column":2},"end":{"line":1361,"column":4}},"363":{"start":{"line":1301,"column":6},"end":{"line":1359,"column":7}},"364":{"start":{"line":1303,"column":29},"end":{"line":1303,"column":77}},"365":{"start":{"line":1304,"column":8},"end":{"line":1313,"column":9}},"366":{"start":{"line":1305,"column":10},"end":{"line":1312,"column":12}},"367":{"start":{"line":1316,"column":29},"end":{"line":1316,"column":97}},"368":{"start":{"line":1316,"column":67},"end":{"line":1316,"column":96}},"369":{"start":{"line":1317,"column":8},"end":{"line":1326,"column":9}},"370":{"start":{"line":1318,"column":10},"end":{"line":1325,"column":12}},"371":{"start":{"line":1328,"column":8},"end":{"line":1328,"column":88}},"372":{"start":{"line":1331,"column":28},"end":{"line":1331,"column":77}},"373":{"start":{"line":1334,"column":25},"end":{"line":1334,"column":63}},"374":{"start":{"line":1335,"column":8},"end":{"line":1335,"column":48}},"375":{"start":{"line":1336,"column":8},"end":{"line":1336,"column":52}},"376":{"start":{"line":1337,"column":8},"end":{"line":1337,"column":69}},"377":{"start":{"line":1338,"column":8},"end":{"line":1338,"column":65}},"378":{"start":{"line":1340,"column":8},"end":{"line":1347,"column":10}},"379":{"start":{"line":1349,"column":8},"end":{"line":1349,"column":87}},"380":{"start":{"line":1351,"column":8},"end":{"line":1358,"column":10}},"381":{"start":{"line":1364,"column":2},"end":{"line":1426,"column":4}},"382":{"start":{"line":1374,"column":6},"end":{"line":1424,"column":7}},"383":{"start":{"line":1376,"column":29},"end":{"line":1376,"column":78}},"384":{"start":{"line":1377,"column":8},"end":{"line":1386,"column":9}},"385":{"start":{"line":1378,"column":10},"end":{"line":1385,"column":12}},"386":{"start":{"line":1389,"column":8},"end":{"line":1398,"column":9}},"387":{"start":{"line":1390,"column":10},"end":{"line":1397,"column":12}},"388":{"start":{"line":1400,"column":8},"end":{"line":1400,"column":57}},"389":{"start":{"line":1403,"column":8},"end":{"line":1403,"column":47}},"390":{"start":{"line":1405,"column":8},"end":{"line":1412,"column":10}},"391":{"start":{"line":1414,"column":8},"end":{"line":1414,"column":87}},"392":{"start":{"line":1416,"column":8},"end":{"line":1423,"column":10}},"393":{"start":{"line":1429,"column":2},"end":{"line":1484,"column":4}},"394":{"start":{"line":1444,"column":6},"end":{"line":1482,"column":7}},"395":{"start":{"line":1446,"column":29},"end":{"line":1446,"column":77}},"396":{"start":{"line":1447,"column":8},"end":{"line":1456,"column":9}},"397":{"start":{"line":1448,"column":10},"end":{"line":1455,"column":12}},"398":{"start":{"line":1458,"column":8},"end":{"line":1458,"column":67}},"399":{"start":{"line":1461,"column":28},"end":{"line":1461,"column":80}},"400":{"start":{"line":1463,"column":8},"end":{"line":1470,"column":10}},"401":{"start":{"line":1472,"column":8},"end":{"line":1472,"column":102}},"402":{"start":{"line":1474,"column":8},"end":{"line":1481,"column":10}},"403":{"start":{"line":1487,"column":2},"end":{"line":1622,"column":4}},"404":{"start":{"line":1496,"column":6},"end":{"line":1620,"column":7}},"405":{"start":{"line":1498,"column":29},"end":{"line":1498,"column":76}},"406":{"start":{"line":1499,"column":8},"end":{"line":1508,"column":9}},"407":{"start":{"line":1500,"column":10},"end":{"line":1507,"column":12}},"408":{"start":{"line":1510,"column":8},"end":{"line":1510,"column":61}},"409":{"start":{"line":1512,"column":8},"end":{"line":1608,"column":9}},"410":{"start":{"line":1514,"column":27},"end":{"line":1514,"column":71}},"411":{"start":{"line":1517,"column":10},"end":{"line":1527,"column":11}},"412":{"start":{"line":1518,"column":12},"end":{"line":1518,"column":110}},"413":{"start":{"line":1519,"column":12},"end":{"line":1526,"column":14}},"414":{"start":{"line":1529,"column":10},"end":{"line":1538,"column":11}},"415":{"start":{"line":1530,"column":12},"end":{"line":1537,"column":14}},"416":{"start":{"line":1541,"column":27},"end":{"line":1541,"column":88}},"417":{"start":{"line":1543,"column":10},"end":{"line":1581,"column":13}},"418":{"start":{"line":1545,"column":12},"end":{"line":1548,"column":13}},"419":{"start":{"line":1546,"column":14},"end":{"line":1546,"column":71}},"420":{"start":{"line":1547,"column":14},"end":{"line":1547,"column":21}},"421":{"start":{"line":1551,"column":30},"end":{"line":1551,"column":85}},"422":{"start":{"line":1552,"column":32},"end":{"line":1552,"column":91}},"423":{"start":{"line":1553,"column":33},"end":{"line":1553,"column":94}},"424":{"start":{"line":1554,"column":31},"end":{"line":1554,"column":88}},"425":{"start":{"line":1555,"column":31},"end":{"line":1555,"column":88}},"426":{"start":{"line":1556,"column":35},"end":{"line":1556,"column":104}},"427":{"start":{"line":1558,"column":12},"end":{"line":1558,"column":78}},"428":{"start":{"line":1559,"column":12},"end":{"line":1559,"column":56}},"429":{"start":{"line":1560,"column":12},"end":{"line":1560,"column":58}},"430":{"start":{"line":1561,"column":12},"end":{"line":1561,"column":52}},"431":{"start":{"line":1562,"column":12},"end":{"line":1562,"column":60}},"432":{"start":{"line":1565,"column":12},"end":{"line":1567,"column":13}},"433":{"start":{"line":1566,"column":14},"end":{"line":1566,"column":73}},"434":{"start":{"line":1569,"column":12},"end":{"line":1571,"column":13}},"435":{"start":{"line":1570,"column":14},"end":{"line":1570,"column":73}},"436":{"start":{"line":1574,"column":12},"end":{"line":1578,"column":13}},"437":{"start":{"line":1575,"column":14},"end":{"line":1575,"column":69}},"438":{"start":{"line":1576,"column":19},"end":{"line":1578,"column":13}},"439":{"start":{"line":1577,"column":14},"end":{"line":1577,"column":57}},"440":{"start":{"line":1580,"column":12},"end":{"line":1580,"column":31}},"441":{"start":{"line":1583,"column":10},"end":{"line":1590,"column":12}},"442":{"start":{"line":1593,"column":10},"end":{"line":1593,"column":103}},"443":{"start":{"line":1596,"column":10},"end":{"line":1605,"column":11}},"444":{"start":{"line":1597,"column":12},"end":{"line":1604,"column":14}},"445":{"start":{"line":1607,"column":10},"end":{"line":1607,"column":25}},"446":{"start":{"line":1610,"column":8},"end":{"line":1610,"column":95}},"447":{"start":{"line":1612,"column":8},"end":{"line":1619,"column":10}},"448":{"start":{"line":1625,"column":2},"end":{"line":1698,"column":4}},"449":{"start":{"line":1634,"column":6},"end":{"line":1696,"column":7}},"450":{"start":{"line":1636,"column":29},"end":{"line":1636,"column":76}},"451":{"start":{"line":1637,"column":8},"end":{"line":1646,"column":9}},"452":{"start":{"line":1638,"column":10},"end":{"line":1645,"column":12}},"453":{"start":{"line":1648,"column":8},"end":{"line":1648,"column":61}},"454":{"start":{"line":1651,"column":25},"end":{"line":1651,"column":69}},"455":{"start":{"line":1653,"column":8},"end":{"line":1655,"column":9}},"456":{"start":{"line":1654,"column":10},"end":{"line":1654,"column":65}},"457":{"start":{"line":1657,"column":8},"end":{"line":1666,"column":9}},"458":{"start":{"line":1658,"column":10},"end":{"line":1665,"column":12}},"459":{"start":{"line":1669,"column":25},"end":{"line":1669,"column":86}},"460":{"start":{"line":1671,"column":8},"end":{"line":1675,"column":11}},"461":{"start":{"line":1672,"column":10},"end":{"line":1672,"column":57}},"462":{"start":{"line":1673,"column":10},"end":{"line":1673,"column":50}},"463":{"start":{"line":1674,"column":10},"end":{"line":1674,"column":52}},"464":{"start":{"line":1677,"column":8},"end":{"line":1684,"column":10}},"465":{"start":{"line":1686,"column":8},"end":{"line":1686,"column":95}},"466":{"start":{"line":1688,"column":8},"end":{"line":1695,"column":10}},"467":{"start":{"line":1701,"column":2},"end":{"line":1774,"column":4}},"468":{"start":{"line":1710,"column":6},"end":{"line":1772,"column":7}},"469":{"start":{"line":1712,"column":29},"end":{"line":1712,"column":76}},"470":{"start":{"line":1713,"column":8},"end":{"line":1722,"column":9}},"471":{"start":{"line":1714,"column":10},"end":{"line":1721,"column":12}},"472":{"start":{"line":1724,"column":8},"end":{"line":1724,"column":57}},"473":{"start":{"line":1727,"column":21},"end":{"line":1727,"column":61}},"474":{"start":{"line":1729,"column":8},"end":{"line":1731,"column":9}},"475":{"start":{"line":1730,"column":10},"end":{"line":1730,"column":65}},"476":{"start":{"line":1733,"column":8},"end":{"line":1742,"column":9}},"477":{"start":{"line":1734,"column":10},"end":{"line":1741,"column":12}},"478":{"start":{"line":1745,"column":25},"end":{"line":1745,"column":78}},"479":{"start":{"line":1747,"column":8},"end":{"line":1751,"column":11}},"480":{"start":{"line":1748,"column":10},"end":{"line":1748,"column":54}},"481":{"start":{"line":1749,"column":10},"end":{"line":1749,"column":47}},"482":{"start":{"line":1750,"column":10},"end":{"line":1750,"column":49}},"483":{"start":{"line":1753,"column":8},"end":{"line":1760,"column":10}},"484":{"start":{"line":1762,"column":8},"end":{"line":1762,"column":91}},"485":{"start":{"line":1764,"column":8},"end":{"line":1771,"column":10}},"486":{"start":{"line":1777,"column":2},"end":{"line":1851,"column":4}},"487":{"start":{"line":1786,"column":6},"end":{"line":1849,"column":7}},"488":{"start":{"line":1788,"column":29},"end":{"line":1788,"column":76}},"489":{"start":{"line":1789,"column":8},"end":{"line":1798,"column":9}},"490":{"start":{"line":1790,"column":10},"end":{"line":1797,"column":12}},"491":{"start":{"line":1800,"column":8},"end":{"line":1800,"column":66}},"492":{"start":{"line":1803,"column":29},"end":{"line":1803,"column":70}},"493":{"start":{"line":1805,"column":8},"end":{"line":1807,"column":9}},"494":{"start":{"line":1806,"column":10},"end":{"line":1806,"column":65}},"495":{"start":{"line":1809,"column":8},"end":{"line":1818,"column":9}},"496":{"start":{"line":1810,"column":10},"end":{"line":1817,"column":12}},"497":{"start":{"line":1821,"column":25},"end":{"line":1821,"column":95}},"498":{"start":{"line":1823,"column":8},"end":{"line":1828,"column":11}},"499":{"start":{"line":1824,"column":10},"end":{"line":1824,"column":68}},"500":{"start":{"line":1825,"column":10},"end":{"line":1825,"column":54}},"501":{"start":{"line":1826,"column":10},"end":{"line":1826,"column":54}},"502":{"start":{"line":1827,"column":10},"end":{"line":1827,"column":48}},"503":{"start":{"line":1830,"column":8},"end":{"line":1837,"column":10}},"504":{"start":{"line":1839,"column":8},"end":{"line":1839,"column":100}},"505":{"start":{"line":1841,"column":8},"end":{"line":1848,"column":10}},"506":{"start":{"line":1854,"column":2},"end":{"line":1945,"column":4}},"507":{"start":{"line":1866,"column":6},"end":{"line":1943,"column":7}},"508":{"start":{"line":1868,"column":29},"end":{"line":1868,"column":76}},"509":{"start":{"line":1869,"column":8},"end":{"line":1878,"column":9}},"510":{"start":{"line":1870,"column":10},"end":{"line":1877,"column":12}},"511":{"start":{"line":1880,"column":8},"end":{"line":1880,"column":57}},"512":{"start":{"line":1883,"column":38},"end":{"line":1883,"column":40}},"513":{"start":{"line":1884,"column":8},"end":{"line":1886,"column":9}},"514":{"start":{"line":1885,"column":10},"end":{"line":1885,"column":63}},"515":{"start":{"line":1885,"column":30},"end":{"line":1885,"column":61}},"516":{"start":{"line":1887,"column":8},"end":{"line":1887,"column":77}},"517":{"start":{"line":1887,"column":36},"end":{"line":1887,"column":77}},"518":{"start":{"line":1888,"column":8},"end":{"line":1888,"column":68}},"519":{"start":{"line":1888,"column":33},"end":{"line":1888,"column":68}},"520":{"start":{"line":1890,"column":28},"end":{"line":1890,"column":85}},"521":{"start":{"line":1893,"column":21},"end":{"line":1893,"column":75}},"522":{"start":{"line":1895,"column":8},"end":{"line":1897,"column":9}},"523":{"start":{"line":1896,"column":10},"end":{"line":1896,"column":65}},"524":{"start":{"line":1899,"column":8},"end":{"line":1908,"column":9}},"525":{"start":{"line":1900,"column":10},"end":{"line":1907,"column":12}},"526":{"start":{"line":1911,"column":25},"end":{"line":1911,"column":78}},"527":{"start":{"line":1913,"column":8},"end":{"line":1922,"column":11}},"528":{"start":{"line":1914,"column":10},"end":{"line":1914,"column":60}},"529":{"start":{"line":1915,"column":10},"end":{"line":1915,"column":53}},"530":{"start":{"line":1916,"column":10},"end":{"line":1916,"column":53}},"531":{"start":{"line":1917,"column":10},"end":{"line":1917,"column":53}},"532":{"start":{"line":1918,"column":10},"end":{"line":1918,"column":57}},"533":{"start":{"line":1919,"column":10},"end":{"line":1919,"column":76}},"534":{"start":{"line":1919,"column":29},"end":{"line":1919,"column":76}},"535":{"start":{"line":1920,"column":10},"end":{"line":1920,"column":70}},"536":{"start":{"line":1920,"column":27},"end":{"line":1920,"column":70}},"537":{"start":{"line":1921,"column":10},"end":{"line":1921,"column":73}},"538":{"start":{"line":1924,"column":8},"end":{"line":1931,"column":10}},"539":{"start":{"line":1933,"column":8},"end":{"line":1933,"column":91}},"540":{"start":{"line":1935,"column":8},"end":{"line":1942,"column":10}},"541":{"start":{"line":1948,"column":2},"end":{"line":2024,"column":4}},"542":{"start":{"line":1957,"column":6},"end":{"line":2022,"column":7}},"543":{"start":{"line":1959,"column":29},"end":{"line":1959,"column":76}},"544":{"start":{"line":1960,"column":8},"end":{"line":1969,"column":9}},"545":{"start":{"line":1961,"column":10},"end":{"line":1968,"column":12}},"546":{"start":{"line":1971,"column":8},"end":{"line":1971,"column":70}},"547":{"start":{"line":1974,"column":27},"end":{"line":1974,"column":73}},"548":{"start":{"line":1976,"column":8},"end":{"line":1978,"column":9}},"549":{"start":{"line":1977,"column":10},"end":{"line":1977,"column":65}},"550":{"start":{"line":1980,"column":8},"end":{"line":1989,"column":9}},"551":{"start":{"line":1981,"column":10},"end":{"line":1988,"column":12}},"552":{"start":{"line":1992,"column":25},"end":{"line":1992,"column":97}},"553":{"start":{"line":1994,"column":8},"end":{"line":2001,"column":11}},"554":{"start":{"line":1995,"column":10},"end":{"line":1995,"column":70}},"555":{"start":{"line":1996,"column":10},"end":{"line":1996,"column":65}},"556":{"start":{"line":1997,"column":10},"end":{"line":1997,"column":62}},"557":{"start":{"line":1998,"column":10},"end":{"line":1998,"column":75}},"558":{"start":{"line":1999,"column":10},"end":{"line":1999,"column":62}},"559":{"start":{"line":2000,"column":10},"end":{"line":2000,"column":64}},"560":{"start":{"line":2003,"column":8},"end":{"line":2010,"column":10}},"561":{"start":{"line":2012,"column":8},"end":{"line":2012,"column":97}},"562":{"start":{"line":2014,"column":8},"end":{"line":2021,"column":10}},"563":{"start":{"line":2027,"column":2},"end":{"line":2121,"column":4}},"564":{"start":{"line":2047,"column":6},"end":{"line":2119,"column":7}},"565":{"start":{"line":2049,"column":29},"end":{"line":2049,"column":76}},"566":{"start":{"line":2050,"column":8},"end":{"line":2059,"column":9}},"567":{"start":{"line":2051,"column":10},"end":{"line":2058,"column":12}},"568":{"start":{"line":2061,"column":8},"end":{"line":2061,"column":71}},"569":{"start":{"line":2064,"column":38},"end":{"line":2064,"column":40}},"570":{"start":{"line":2065,"column":8},"end":{"line":2065,"column":68}},"571":{"start":{"line":2065,"column":33},"end":{"line":2065,"column":68}},"572":{"start":{"line":2066,"column":8},"end":{"line":2066,"column":71}},"573":{"start":{"line":2066,"column":34},"end":{"line":2066,"column":71}},"574":{"start":{"line":2067,"column":8},"end":{"line":2067,"column":68}},"575":{"start":{"line":2067,"column":33},"end":{"line":2067,"column":68}},"576":{"start":{"line":2069,"column":28},"end":{"line":2069,"column":85}},"577":{"start":{"line":2072,"column":22},"end":{"line":2072,"column":90}},"578":{"start":{"line":2074,"column":8},"end":{"line":2076,"column":9}},"579":{"start":{"line":2075,"column":10},"end":{"line":2075,"column":65}},"580":{"start":{"line":2078,"column":8},"end":{"line":2087,"column":9}},"581":{"start":{"line":2079,"column":10},"end":{"line":2086,"column":12}},"582":{"start":{"line":2090,"column":25},"end":{"line":2090,"column":88}},"583":{"start":{"line":2092,"column":8},"end":{"line":2098,"column":11}},"584":{"start":{"line":2093,"column":10},"end":{"line":2093,"column":71}},"585":{"start":{"line":2094,"column":10},"end":{"line":2094,"column":52}},"586":{"start":{"line":2095,"column":10},"end":{"line":2095,"column":74}},"587":{"start":{"line":2095,"column":28},"end":{"line":2095,"column":74}},"588":{"start":{"line":2096,"column":10},"end":{"line":2096,"column":74}},"589":{"start":{"line":2096,"column":28},"end":{"line":2096,"column":74}},"590":{"start":{"line":2097,"column":10},"end":{"line":2097,"column":29}},"591":{"start":{"line":2100,"column":8},"end":{"line":2107,"column":10}},"592":{"start":{"line":2109,"column":8},"end":{"line":2109,"column":97}},"593":{"start":{"line":2111,"column":8},"end":{"line":2118,"column":10}},"594":{"start":{"line":2124,"column":2},"end":{"line":2185,"column":4}},"595":{"start":{"line":2135,"column":6},"end":{"line":2183,"column":7}},"596":{"start":{"line":2137,"column":29},"end":{"line":2137,"column":77}},"597":{"start":{"line":2138,"column":8},"end":{"line":2147,"column":9}},"598":{"start":{"line":2139,"column":10},"end":{"line":2146,"column":12}},"599":{"start":{"line":2149,"column":8},"end":{"line":2149,"column":66}},"600":{"start":{"line":2152,"column":45},"end":{"line":2152,"column":47}},"601":{"start":{"line":2153,"column":8},"end":{"line":2153,"column":52}},"602":{"start":{"line":2153,"column":32},"end":{"line":2153,"column":52}},"603":{"start":{"line":2154,"column":8},"end":{"line":2154,"column":52}},"604":{"start":{"line":2154,"column":32},"end":{"line":2154,"column":52}},"605":{"start":{"line":2157,"column":28},"end":{"line":2157,"column":80}},"606":{"start":{"line":2160,"column":25},"end":{"line":2160,"column":97}},"607":{"start":{"line":2161,"column":8},"end":{"line":2161,"column":70}},"608":{"start":{"line":2162,"column":8},"end":{"line":2162,"column":69}},"609":{"start":{"line":2164,"column":8},"end":{"line":2171,"column":10}},"610":{"start":{"line":2173,"column":8},"end":{"line":2173,"column":86}},"611":{"start":{"line":2175,"column":8},"end":{"line":2182,"column":10}},"612":{"start":{"line":2192,"column":2},"end":{"line":2192,"column":62}},"613":{"start":{"line":2192,"column":45},"end":{"line":2192,"column":62}},"614":{"start":{"line":2194,"column":16},"end":{"line":2194,"column":45}},"615":{"start":{"line":2195,"column":13},"end":{"line":2195,"column":18}},"616":{"start":{"line":2196,"column":18},"end":{"line":2196,"column":19}},"617":{"start":{"line":2198,"column":2},"end":{"line":2201,"column":3}},"618":{"start":{"line":2199,"column":4},"end":{"line":2199,"column":17}},"619":{"start":{"line":2200,"column":4},"end":{"line":2200,"column":16}},"620":{"start":{"line":2203,"column":2},"end":{"line":2203,"column":50}}},"fnMap":{"0":{"name":"registerTools","decl":{"start":{"line":16,"column":16},"end":{"line":16,"column":29}},"loc":{"start":{"line":16,"column":64},"end":{"line":38,"column":1}}},"1":{"name":"registerPreviewTools","decl":{"start":{"line":43,"column":9},"end":{"line":43,"column":29}},"loc":{"start":{"line":43,"column":118},"end":{"line":273,"column":1}}},"2":{"name":"(anonymous_2)","decl":{"start":{"line":69,"column":4},"end":{"line":69,"column":9}},"loc":{"start":{"line":69,"column":42},"end":{"line":133,"column":5}}},"3":{"name":"(anonymous_3)","decl":{"start":{"line":142,"column":4},"end":{"line":142,"column":9}},"loc":{"start":{"line":142,"column":28},"end":{"line":179,"column":5}}},"4":{"name":"(anonymous_4)","decl":{"start":{"line":188,"column":4},"end":{"line":188,"column":9}},"loc":{"start":{"line":188,"column":28},"end":{"line":225,"column":5}}},"5":{"name":"(anonymous_5)","decl":{"start":{"line":234,"column":4},"end":{"line":234,"column":9}},"loc":{"start":{"line":234,"column":28},"end":{"line":271,"column":5}}},"6":{"name":"registerSearchTools","decl":{"start":{"line":278,"column":9},"end":{"line":278,"column":28}},"loc":{"start":{"line":278,"column":117},"end":{"line":540,"column":1}}},"7":{"name":"(anonymous_7)","decl":{"start":{"line":286,"column":4},"end":{"line":286,"column":9}},"loc":{"start":{"line":286,"column":31},"end":{"line":453,"column":5}}},"8":{"name":"(anonymous_8)","decl":{"start":{"line":313,"column":54},"end":{"line":313,"column":61}},"loc":{"start":{"line":313,"column":64},"end":{"line":333,"column":11}}},"9":{"name":"(anonymous_9)","decl":{"start":{"line":344,"column":37},"end":{"line":344,"column":38}},"loc":{"start":{"line":344,"column":56},"end":{"line":350,"column":13}}},"10":{"name":"(anonymous_10)","decl":{"start":{"line":392,"column":54},"end":{"line":392,"column":61}},"loc":{"start":{"line":392,"column":64},"end":{"line":412,"column":11}}},"11":{"name":"(anonymous_11)","decl":{"start":{"line":423,"column":37},"end":{"line":423,"column":38}},"loc":{"start":{"line":423,"column":56},"end":{"line":429,"column":13}}},"12":{"name":"(anonymous_12)","decl":{"start":{"line":462,"column":4},"end":{"line":462,"column":9}},"loc":{"start":{"line":462,"column":24},"end":{"line":538,"column":5}}},"13":{"name":"(anonymous_13)","decl":{"start":{"line":487,"column":52},"end":{"line":487,"column":59}},"loc":{"start":{"line":487,"column":62},"end":{"line":500,"column":9}}},"14":{"name":"(anonymous_14)","decl":{"start":{"line":511,"column":35},"end":{"line":511,"column":36}},"loc":{"start":{"line":511,"column":54},"end":{"line":515,"column":11}}},"15":{"name":"registerProjectTools","decl":{"start":{"line":545,"column":9},"end":{"line":545,"column":29}},"loc":{"start":{"line":545,"column":118},"end":{"line":1088,"column":1}}},"16":{"name":"(anonymous_16)","decl":{"start":{"line":550,"column":4},"end":{"line":550,"column":9}},"loc":{"start":{"line":550,"column":25},"end":{"line":617,"column":5}}},"17":{"name":"(anonymous_17)","decl":{"start":{"line":588,"column":25},"end":{"line":588,"column":26}},"loc":{"start":{"line":588,"column":44},"end":{"line":595,"column":9}}},"18":{"name":"(anonymous_18)","decl":{"start":{"line":629,"column":4},"end":{"line":629,"column":9}},"loc":{"start":{"line":629,"column":49},"end":{"line":688,"column":5}}},"19":{"name":"(anonymous_19)","decl":{"start":{"line":702,"column":4},"end":{"line":702,"column":9}},"loc":{"start":{"line":702,"column":95},"end":{"line":754,"column":5}}},"20":{"name":"(anonymous_20)","decl":{"start":{"line":767,"column":4},"end":{"line":767,"column":9}},"loc":{"start":{"line":767,"column":76},"end":{"line":819,"column":5}}},"21":{"name":"(anonymous_21)","decl":{"start":{"line":831,"column":4},"end":{"line":831,"column":9}},"loc":{"start":{"line":831,"column":49},"end":{"line":898,"column":5}}},"22":{"name":"(anonymous_22)","decl":{"start":{"line":869,"column":22},"end":{"line":869,"column":23}},"loc":{"start":{"line":869,"column":38},"end":{"line":876,"column":9}}},"23":{"name":"(anonymous_23)","decl":{"start":{"line":912,"column":4},"end":{"line":912,"column":9}},"loc":{"start":{"line":912,"column":102},"end":{"line":988,"column":5}}},"24":{"name":"(anonymous_24)","decl":{"start":{"line":957,"column":21},"end":{"line":957,"column":22}},"loc":{"start":{"line":957,"column":36},"end":{"line":966,"column":9}}},"25":{"name":"(anonymous_25)","decl":{"start":{"line":1005,"column":4},"end":{"line":1005,"column":9}},"loc":{"start":{"line":1011,"column":21},"end":{"line":1086,"column":5}}},"26":{"name":"(anonymous_26)","decl":{"start":{"line":1057,"column":22},"end":{"line":1057,"column":23}},"loc":{"start":{"line":1057,"column":38},"end":{"line":1064,"column":9}}},"27":{"name":"registerRepositoryTools","decl":{"start":{"line":1093,"column":9},"end":{"line":1093,"column":32}},"loc":{"start":{"line":1093,"column":121},"end":{"line":2186,"column":1}}},"28":{"name":"(anonymous_28)","decl":{"start":{"line":1129,"column":4},"end":{"line":1129,"column":9}},"loc":{"start":{"line":1136,"column":21},"end":{"line":1197,"column":5}}},"29":{"name":"(anonymous_29)","decl":{"start":{"line":1209,"column":4},"end":{"line":1209,"column":9}},"loc":{"start":{"line":1209,"column":49},"end":{"line":1276,"column":5}}},"30":{"name":"(anonymous_30)","decl":{"start":{"line":1251,"column":31},"end":{"line":1251,"column":32}},"loc":{"start":{"line":1251,"column":50},"end":{"line":1253,"column":11}}},"31":{"name":"(anonymous_31)","decl":{"start":{"line":1300,"column":4},"end":{"line":1300,"column":9}},"loc":{"start":{"line":1300,"column":84},"end":{"line":1360,"column":5}}},"32":{"name":"(anonymous_32)","decl":{"start":{"line":1316,"column":60},"end":{"line":1316,"column":63}},"loc":{"start":{"line":1316,"column":67},"end":{"line":1316,"column":96}}},"33":{"name":"(anonymous_33)","decl":{"start":{"line":1373,"column":4},"end":{"line":1373,"column":9}},"loc":{"start":{"line":1373,"column":76},"end":{"line":1425,"column":5}}},"34":{"name":"(anonymous_34)","decl":{"start":{"line":1443,"column":4},"end":{"line":1443,"column":9}},"loc":{"start":{"line":1443,"column":128},"end":{"line":1483,"column":5}}},"35":{"name":"(anonymous_35)","decl":{"start":{"line":1495,"column":4},"end":{"line":1495,"column":9}},"loc":{"start":{"line":1495,"column":49},"end":{"line":1621,"column"
[...]
6},"end":{"line":113,"column":33}},"29":{"start":{"line":126,"column":4},"end":{"line":149,"column":5}},"30":{"start":{"line":127,"column":6},"end":{"line":131,"column":7}},"31":{"start":{"line":128,"column":8},"end":{"line":128,"column":55}},"32":{"start":{"line":129,"column":8},"end":{"line":129,"column":43}},"33":{"start":{"line":130,"column":8},"end":{"line":130,"column":47}},"34":{"start":{"line":133,"column":23},"end":{"line":133,"column":69}},"35":{"start":{"line":135,"column":6},"end":{"line":141,"column":7}},"36":{"start":{"line":136,"column":8},"end":{"line":140,"column":11}},"37":{"start":{"line":143,"column":6},"end":{"line":143,"column":27}},"38":{"start":{"line":145,"column":6},"end":{"line":147,"column":7}},"39":{"start":{"line":146,"column":8},"end":{"line":146,"column":64}},"40":{"start":{"line":148,"column":6},"end":{"line":148,"column":33}},"41":{"start":{"line":161,"column":4},"end":{"line":184,"column":5}},"42":{"start":{"line":162,"column":6},"end":{"line":166,"column":7}},"43":{"start":{"line":163,"column":8},"end":{"line":163,"column":56}},"44":{"start":{"line":164,"column":8},"end":{"line":164,"column":43}},"45":{"start":{"line":165,"column":8},"end":{"line":165,"column":47}},"46":{"start":{"line":168,"column":23},"end":{"line":168,"column":70}},"47":{"start":{"line":170,"column":6},"end":{"line":176,"column":7}},"48":{"start":{"line":171,"column":8},"end":{"line":175,"column":11}},"49":{"start":{"line":178,"column":6},"end":{"line":178,"column":27}},"50":{"start":{"line":180,"column":6},"end":{"line":182,"column":7}},"51":{"start":{"line":181,"column":8},"end":{"line":181,"column":65}},"52":{"start":{"line":183,"column":6},"end":{"line":183,"column":33}},"53":{"start":{"line":195,"column":4},"end":{"line":217,"column":5}},"54":{"start":{"line":196,"column":6},"end":{"line":199,"column":7}},"55":{"start":{"line":197,"column":8},"end":{"line":197,"column":57}},"56":{"start":{"line":198,"column":8},"end":{"line":198,"column":47}},"57":{"start":{"line":201,"column":23},"end":{"line":201,"column":65}},"58":{"start":{"line":203,"column":6},"end":{"line":209,"column":7}},"59":{"start":{"line":204,"column":8},"end":{"line":208,"column":11}},"60":{"start":{"line":211,"column":6},"end":{"line":211,"column":27}},"61":{"start":{"line":213,"column":6},"end":{"line":215,"column":7}},"62":{"start":{"line":214,"column":8},"end":{"line":214,"column":66}},"63":{"start":{"line":216,"column":6},"end":{"line":216,"column":33}},"64":{"start":{"line":224,"column":4},"end":{"line":259,"column":5}},"65":{"start":{"line":227,"column":27},"end":{"line":227,"column":78}},"66":{"start":{"line":228,"column":25},"end":{"line":228,"column":46}},"67":{"start":{"line":230,"column":6},"end":{"line":236,"column":7}},"68":{"start":{"line":231,"column":8},"end":{"line":235,"column":11}},"69":{"start":{"line":238,"column":6},"end":{"line":246,"column":7}},"70":{"start":{"line":239,"column":8},"end":{"line":239,"column":96}},"71":{"start":{"line":240,"column":13},"end":{"line":246,"column":7}},"72":{"start":{"line":241,"column":8},"end":{"line":241,"column":119}},"73":{"start":{"line":242,"column":13},"end":{"line":246,"column":7}},"74":{"start":{"line":243,"column":8},"end":{"line":243,"column":111}},"75":{"start":{"line":245,"column":8},"end":{"line":245,"column":78}},"76":{"start":{"line":247,"column":11},"end":{"line":259,"column":5}},"77":{"start":{"line":249,"column":6},"end":{"line":251,"column":7}},"78":{"start":{"line":250,"column":8},"end":{"line":250,"column":83}},"79":{"start":{"line":252,"column":6},"end":{"line":252,"column":77}},"80":{"start":{"line":255,"column":6},"end":{"line":257,"column":7}},"81":{"start":{"line":256,"column":8},"end":{"line":256,"column":65}},"82":{"start":{"line":258,"column":6},"end":{"line":258,"column":61}},"83":{"start":{"line":8,"column":0},"end":{"line":8,"column":13}}},"fnMap":{"0":{"name":"(anonymous_1)","decl":{"start":{"line":20,"column":2},"end":{"line":20,"column":22}},"loc":{"start":{"line":20,"column":93},"end":{"line":36,"column":3}}},"1":{"name":"(anonymous_2)","decl":{"start":{"line":43,"column":2},"end":{"line":43,"column":11}},"loc":{"start":{"line":43,"column":11},"end":{"line":45,"column":3}}},"2":{"name":"(anonymous_3)","decl":{"start":{"line":52,"column":2},"end":{"line":52,"column":19}},"loc":{"start":{"line":52,"column":55},"end":{"line":57,"column":3}}},"3":{"name":"(anonymous_4)","decl":{"start":{"line":54,"column":40},"end":{"line":54,"column":41}},"loc":{"start":{"line":54,"column":57},"end":{"line":56,"column":5}}},"4":{"name":"(anonymous_5)","decl":{"start":{"line":64,"column":2},"end":{"line":64,"column":14}},"loc":{"start":{"line":64,"column":31},"end":{"line":66,"column":3}}},"5":{"name":"(anonymous_6)","decl":{"start":{"line":75,"column":2},"end":{"line":75,"column":7}},"loc":{"start":{"line":75,"column":57},"end":{"line":115,"column":3}}},"6":{"name":"(anonymous_7)","decl":{"start":{"line":125,"column":2},"end":{"line":125,"column":7}},"loc":{"start":{"line":125,"column":70},"end":{"line":150,"column":3}}},"7":{"name":"(anonymous_8)","decl":{"start":{"line":160,"column":2},"end":{"line":160,"column":7}},"loc":{"start":{"line":160,"column":71},"end":{"line":185,"column":3}}},"8":{"name":"(anonymous_9)","decl":{"start":{"line":194,"column":2},"end":{"line":194,"column":7}},"loc":{"start":{"line":194,"column":60},"end":{"line":218,"column":3}}},"9":{"name":"(anonymous_10)","decl":{"start":{"line":223,"column":10},"end":{"line":223,"column":24}},"loc":{"start":{"line":223,"column":35},"end":{"line":260,"column":3}}}},"branchMap":{"0":{"loc":{"start":{"line":20,"column":38},"end":{"line":20,"column":78}},"type":"default-arg","locations":[{"start":{"line":20,"column":48},"end":{"line":20,"column":78}}]},"1":{"loc":{"start":{"line":20,"column":80},"end":{"line":20,"column":93}},"type":"default-arg","locations":[{"start":{"line":20,"column":88},"end":{"line":20,"column":93}}]},"2":{"loc":{"start":{"line":33,"column":4},"end":{"line":35,"column":5}},"type":"if","locations":[{"start":{"line":33,"column":4},"end":{"line":35,"column":5}}]},"3":{"loc":{"start":{"line":77,"column":6},"end":{"line":80,"column":7}},"type":"if","locations":[{"start":{"line":77,"column":6},"end":{"line":80,"column":7}}]},"4":{"loc":{"start":{"line":85,"column":6},"end":{"line":96,"column":7}},"type":"if","locations":[{"start":{"line":85,"column":6},"end":{"line":96,"column":7}}]},"5":{"loc":{"start":{"line":85,"column":10},"end":{"line":85,"column":60}},"type":"binary-expr","locations":[{"start":{"line":85,"column":10},"end":{"line":85,"column":23}},{"start":{"line":85,"column":27},"end":{"line":85,"column":60}}]},"6":{"loc":{"start":{"line":90,"column":10},"end":{"line":93,"column":11}},"type":"if","locations":[{"start":{"line":90,"column":10},"end":{"line":93,"column":11}}]},"7":{"loc":{"start":{"line":94,"column":77},"end":{"line":94,"column":143}},"type":"cond-expr","locations":[{"start":{"line":94,"column":106},"end":{"line":94,"column":123}},{"start":{"line":94,"column":126},"end":{"line":94,"column":143}}]},"8":{"loc":{"start":{"line":98,"column":6},"end":{"line":106,"column":7}},"type":"if","locations":[{"start":{"line":98,"column":6},"end":{"line":106,"column":7}}]},"9":{"loc":{"start":{"line":102,"column":16},"end":{"line":104,"column":27}},"type":"cond-expr","locations":[{"start":{"line":103,"column":14},"end":{"line":103,"column":32}},{"start":{"line":104,"column":14},"end":{"line":104,"column":27}}]},"10":{"loc":{"start":{"line":110,"column":6},"end":{"line":112,"column":7}},"type":"if","locations":[{"start":{"line":110,"column":6},"end":{"line":112,"column":7}}]},"11":{"loc":{"start":{"line":127,"column":6},"end":{"line":131,"column":7}},"type":"if","locations":[{"start":{"line":127,"column":6},"end":{"line":131,"column":7}}]},"12":{"loc":{"start":{"line":135,"column":6},"end":{"line":141,"column":7}},"type":"if","locations":[{"start":{"line":135,"column":6},"end":{"line":141,"column":7}}]},"13":{"loc":{"start":{"line":145,"column":6},"end":{"line":147,"column":7}},"type":"if","locations":[{"start":{"line":145,"column":6},"end":{"line":147,"column":7}}]},"14":{"loc":{"start":{"line":162,"column":6},"end":{"line":166,"column":7}},"type":"if","locations":[{"start":{"line":162,"column":6},"end":{"line":166,"column":7}}]},"15":{"loc":{"start":{"line":170,"column":6},"end":{"line":176,"column":7}},"type":"if","locations":[{"start":{"line":170,"column":6},"end":{"line":176,"column":7}}]},"16":{"loc":{"start":{"line":180,"column":6},"end":{"line":182,"column":7}},"type":"if","locations":[{"start":{"line":180,"column":6},"end":{"line":182,"column":7}}]},"17":{"loc":{"start":{"line":196,"column":6},"end":{"line":199,"column":7}},"type":"if","locations":[{"start":{"line":196,"column":6},"end":{"line":199,"column":7}}]},"18":{"loc":{"start":{"line":203,"column":6},"end":{"line":209,"column":7}},"type":"if","locations":[{"start":{"line":203,"column":6},"end":{"line":209,"column":7}}]},"19":{"loc":{"start":{"line":213,"column":6},"end":{"line":215,"column":7}},"type":"if","locations":[{"start":{"line":213,"column":6},"end":{"line":215,"column":7}}]},"20":{"loc":{"start":{"line":224,"column":4},"end":{"line":259,"column":5}},"type":"if","locations":[{"start":{"line":224,"column":4},"end":{"line":259,"column":5}},{"start":{"line":247,"column":11},"end":{"line":259,"column":5}}]},"21":{"loc":{"start":{"line":227,"column":27},"end":{"line":227,"column":78}},"type":"binary-expr","locations":[{"start":{"line":227,"column":27},"end":{"line":227,"column":55}},{"start":{"line":227,"column":59},"end":{"line":227,"column":78}}]},"22":{"loc":{"start":{"line":230,"column":6},"end":{"line":236,"column":7}},"type":"if","locations":[{"start":{"line":230,"column":6},"end":{"line":236,"column":7}}]},"23":{"loc":{"start":{"line":238,"column":6},"end":{"line":246,"column":7}},"type":"if","locations":[{"start":{"line":238,"column":6},"end":{"line":246,"column":7}},{"start":{"line":240,"column":13},"end":{"line":246,"column":7}}]},"24":{"loc":{"start":{"line":240,"column":13},"end":{"line":246,"column":7}},"type":"if","locations":[{"start":{"line":240,"column":13},"end":{"line":246,"column":7}},{"start":{"line":242,"column":13},"end":{"line":246,"column":7}}]},"25":{"loc":{"start":{"line":242,"column":13},"end":{"line":246,"column":7}},"type":"if","locations":[{"start":{"line":242,"column":13},"end":{"line":246,"column":7}},{"start":{"line":244,"column":13},"end":{"line":246,"column":7}}]},"26":{"loc":{"start":{"line":243,"column":68},"end":{"line":243,"column":107}},"type":"binary-expr","locations":[{"start":{"line":243,"column":68},"end":{"line":243,"column":85}},{"start":{"line":243,"column":89},"end":{"line":243,"column":107}}]},"27":{"loc":{"start":{"line":247,"column":11},"end":{"line":259,"column":5}},"type":"if","locations":[{"start":{"line":247,"column":11},"end":{"line":259,"column":5}},{"start":{"line":253,"column":11},"end":{"line":259,"column":5}}]},"28":{"loc":{"start":{"line":249,"column":6},"end":{"line":251,"column":7}},"type":"if","locations":[{"start":{"line":249,"column":6},"end":{"line":251,"column":7}}]},"29":{"loc":{"start":{"line":255,"column":6},"end":{"line":257,"column":7}},"type":"if","locations":[{"start":{"line":255,"column":6},"end":{"line":257,"column":7}}]}},"s":{"0":2,"1":20,"2":20,"3":20,"4":20,"5":20,"6":0,"7":5,"8":1,"9":1,"10":0,"11":3,"12":3,"13":0,"14":0,"15":3,"16":1,"17":0,"18":0,"19":0,"20":0,"21":0,"22":0,"23":1,"24":0,"25":1,"26":2,"27":0,"28":2,"29":1,"30":1,"31":0,"32":0,"33":0,"34":1,"35":1,"36":0,"37":1,"38":0,"39":0,"40":0,"41":1,"42":1,"43":0,"44":0,"45":0,"46":1,"47":1,"48":0,"49":1,"50":0,"51":0,"52":0,"53":1,"54":1,"55":0,"56":0,"57":1,"58":1,"59":0,"60":1,"61":0,"62":0,"63":0,"64":2,"65":2,"66":2,"67":2,"68":0,"69":2,"70":1,"71":1,"72":1,"73":0,"74":0,"75":0,"76":0,"77":0,"78":0,"79":0,"80":0,"81":0,"82":0,"83":2},"f":{"0":20,"1":5,"2":1,"3":1,"4":0,"5":3,"6":1,"7":1,"8":1,"9":2},"b":{"0":[0],"1":[9],"2":[0],"3":[0],"4":[0],"5":[1,1],"6":[0],"7":[0,0],"8":[0],"9":[0,0],"10":[0],"11":[0],"12":[0],"13":[0],"14":[0],"15":[0],"16":[0],"17":[0],"18":[0],"19":[0],"20":[2,0],"21":[2,0],"22":[0],"23":[1,1],"24":[1,0],"25":[0,0],"26":[0,0],"27":[0,0],"28":[0],"29":[0]}}
,"/Users/sirkitree/repos/tugboat/tugboat-mcp/src/utils/auth.ts": {"path":"/Users/sirkitree/repos/tugboat/tugboat-mcp/src/utils/auth.ts","statementMap":{"0":{"start":{"line":5,"column":0},"end":{"line":5,"column":24}},"1":{"start":{"line":7,"column":0},"end":{"line":7,"column":25}},"2":{"start":{"line":8,"column":0},"end":{"line":8,"column":29}},"3":{"start":{"line":13,"column":13},"end":{"line":16,"column":3}},"4":{"start":{"line":27,"column":16},"end":{"line":27,"column":59}},"5":{"start":{"line":28,"column":15},"end":{"line":28,"column":36}},"6":{"start":{"line":31,"column":0},"end":{"line":37,"column":1}},"7":{"start":{"line":32,"column":2},"end":{"line":34,"column":3}},"8":{"start":{"line":33,"column":4},"end":{"line":33,"column":46}},"9":{"start":{"line":40,"column":30},"end":{"line":55,"column":2}},"10":{"start":{"line":42,"column":4},"end":{"line":46,"column":5}},"11":{"start":{"line":43,"column":6},"end":{"line":43,"column":84}},"12":{"start":{"line":49,"column":4},"end":{"line":53,"column":5}},"13":{"start":{"line":50,"column":6},"end":{"line":50,"column":85}},"14":{"start":{"line":62,"column":10},"end":{"line":62,"column":41}},"15":{"start":{"line":63,"column":10},"end":{"line":63,"column":64}},"16":{"start":{"line":67,"column":4},"end":{"line":67,"column":31}},"17":{"start":{"line":68,"column":4},"end":{"line":68,"column":25}},"18":{"start":{"line":77,"column":4},"end":{"line":104,"column":5}},"19":{"start":{"line":79,"column":6},"end":{"line":82,"column":7}},"20":{"start":{"line":80,"column":8},"end":{"line":80,"column":53}},"21":{"start":{"line":81,"column":8},"end":{"line":81,"column":26}},"22":{"start":{"line":85,"column":6},"end":{"line":88,"column":7}},"23":{"start":{"line":86,"column":8},"end":{"line":86,"column":73}},"24":{"start":{"line":87,"column":8},"end":{"line":87,"column":40}},"25":{"start":{"line":91,"column":6},"end":{"line":91,"column":47}},"26":{"start":{"line":92,"column":6},"end":{"line":92,"column":53}},"27":{"start":{"line":94,"column":6},"end":{"line":100,"column":7}},"28":{"start":{"line":95,"column":8},"end":{"line":95,"column":52}},"29":{"start":{"line":96,"column":8},"end":{"line":96,"column":61}},"30":{"start":{"line":97,"column":8},"end":{"line":97,"column":26}},"31":{"start":{"line":99,"column":8},"end":{"line":99,"column":40}},"32":{"start":{"line":102,"column":6},"end":{"line":102,"column":104}},"33":{"start":{"line":103,"column":6},"end":{"line":103,"column":47}},"34":{"start":{"line":117,"column":29},"end":{"line":120,"column":6}},"35":{"start":{"line":122,"column":4},"end":{"line":122,"column":17}},"36":{"start":{"line":134,"column":4},"end":{"line":134,"column":30}},"37":{"start":{"line":138,"column":4},"end":{"line":138,"column":81}},"38":{"start":{"line":139,"column":4},"end":{"line":139,"column":16}},"39":{"start":{"line":148,"column":18},"end":{"line":148,"column":43}},"40":{"start":{"line":149,"column":4},"end":{"line":151,"column":6}},"41":{"start":{"line":60,"column":0},"end":{"line":60,"column":13}}},"fnMap":{"0":{"name":"(anonymous_9)","decl":{"start":{"line":41,"column":7},"end":{"line":41,"column":8}},"loc":{"start":{"line":41,"column":27},"end":{"line":47,"column":3}}},"1":{"name":"(anonymous_10)","decl":{"start":{"line":48,"column":9},"end":{"line":48,"column":10}},"loc":{"start":{"line":48,"column":29},"end":{"line":54,"column":3}}},"2":{"name":"(anonymous_11)","decl":{"start":{"line":66,"column":2},"end":{"line":66,"column":14}},"loc":{"start":{"line":66,"column":73},"end":{"line":69,"column":3}}},"3":{"name":"(anonymous_12)","decl":{"start":{"line":76,"column":2},"end":{"line":76,"column":7}},"loc":{"start":{"line":76,"column":20},"end":{"line":105,"column":3}}},"4":{"name":"(anonymous_13)","decl":{"start":{"line":112,"column":10},"end":{"line":112,"column":15}},"loc":{"start":{"line":112,"column":28},"end":{"line":123,"column":3}}},"5":{"name":"(anonymous_14)","decl":{"start":{"line":132,"column":2},"end":{"line":132,"column":7}},"loc":{"start":{"line":132,"column":74},"end":{"line":140,"column":3}}},"6":{"name":"(anonymous_15)","decl":{"start":{"line":147,"column":2},"end":{"line":147,"column":7}},"loc":{"start":{"line":147,"column":22},"end":{"line":152,"column":3}}}},"branchMap":{"0":{"loc":{"start":{"line":32,"column":2},"end":{"line":34,"column":3}},"type":"if","locations":[{"start":{"line":32,"column":2},"end":{"line":34,"column":3}}]},"1":{"loc":{"start":{"line":66,"column":43},"end":{"line":66,"column":73}},"type":"default-arg","locations":[{"start":{"line":66,"column":60},"end":{"line":66,"column":73}}]},"2":{"loc":{"start":{"line":79,"column":6},"end":{"line":82,"column":7}},"type":"if","locations":[{"start":{"line":79,"column":6},"end":{"line":82,"column":7}}]},"3":{"loc":{"start":{"line":79,"column":10},"end":{"line":79,"column":80}},"type":"binary-expr","locations":[{"start":{"line":79,"column":10},"end":{"line":79,"column":20}},{"start":{"line":79,"column":25},"end":{"line":79,"column":44}},{"start":{"line":79,"column":48},"end":{"line":79,"column":79}}]},"4":{"loc":{"start":{"line":85,"column":6},"end":{"line":88,"column":7}},"type":"if","locations":[{"start":{"line":85,"column":6},"end":{"line":88,"column":7}}]},"5":{"loc":{"start":{"line":102,"column":68},"end":{"line":102,"column":100}},"type":"binary-expr","locations":[{"start":{"line":102,"column":68},"end":{"line":102,"column":81}},{"start":{"line":102,"column":85},"end":{"line":102,"column":100}}]}},"s":{"0":1,"1":1,"2":1,"3":1,"4":1,"5":1,"6":1,"7":1,"8":1,"9":1,"10":0,"11":0,"12":0,"13":0,"14":11,"15":11,"16":11,"17":11,"18":7,"19":7,"20":3,"21":3,"22":4,"23":0,"24":0,"25":4,"26":4,"27":4,"28":4,"29":4,"30":4,"31":4,"32":0,"33":0,"34":4,"35":4,"36":3,"37":3,"38":3,"39":1,"40":1,"41":1},"f":{"0":0,"1":0,"2":11,"3":7,"4":4,"5":3,"6":1},"b":{"0":[1],"1":[0],"2":[3],"3":[7,3,0],"4":[0],"5":[0,0]}}
,"/Users/sirkitree/repos/tugboat/tugboat-mcp/src/utils/config.ts": {"path":"/Users/sirkitree/repos/tugboat/tugboat-mcp/src/utils/config.ts","statementMap":{"0":{"start":{"line":29,"column":0},"end":{"line":29,"column":16}},"1":{"start":{"line":30,"column":17},"end":{"line":30,"column":50}},"2":{"start":{"line":31,"column":2},"end":{"line":33,"column":3}},"3":{"start":{"line":32,"column":4},"end":{"line":32,"column":72}},"4":{"start":{"line":35,"column":2},"end":{"line":40,"column":4}}},"fnMap":{"0":{"name":"getConfig","decl":{"start":{"line":29,"column":16},"end":{"line":29,"column":25}},"loc":{"start":{"line":29,"column":25},"end":{"line":41,"column":1}}}},"branchMap":{"0":{"loc":{"start":{"line":30,"column":17},"end":{"line":30,"column":50}},"type":"binary-expr","locations":[{"start":{"line":30,"column":17},"end":{"line":30,"column":44}},{"start":{"line":30,"column":48},"end":{"line":30,"column":50}}]},"1":{"loc":{"start":{"line":31,"column":2},"end":{"line":33,"column":3}},"type":"if","locations":[{"start":{"line":31,"column":2},"end":{"line":33,"column":3}}]},"2":{"loc":{"start":{"line":37,"column":13},"end":{"line":37,"column":74}},"type":"binary-expr","locations":[{"start":{"line":37,"column":13},"end":{"line":37,"column":40}},{"start":{"line":37,"column":44},"end":{"line":37,"column":74}}]},"3":{"loc":{"start":{"line":38,"column":20},"end":{"line":38,"column":78}},"type":"binary-expr","locations":[{"start":{"line":38,"column":20},"end":{"line":38,"column":67}},{"start":{"line":38,"column":71},"end":{"line":38,"column":78}}]},"4":{"loc":{"start":{"line":39,"column":19},"end":{"line":39,"column":45}},"type":"binary-expr","locations":[{"start":{"line":39,"column":19},"end":{"line":39,"column":35}},{"start":{"line":39,"column":39},"end":{"line":39,"column":45}}]}},"s":{"0":0,"1":0,"2":0,"3":0,"4":0},"f":{"0":0},"b":{"0":[0,0],"1":[0],"2":[0,0],"3":[0,0],"4":[0,0]}}
}
