TN:
SF:src/index.ts
FN:32,createLogger
FN:34,(anonymous_2)
FN:45,(anonymous_3)
FN:59,main
FN:101,(anonymous_5)
FN:128,(anonymous_6)
FN:143,(anonymous_7)
FN:149,(anonymous_8)
FN:163,(anonymous_9)
FNF:9
FNH:0
FNDA:0,createLogger
FNDA:0,(anonymous_2)
FNDA:0,(anonymous_3)
FNDA:0,main
FNDA:0,(anonymous_5)
FNDA:0,(anonymous_6)
FNDA:0,(anonymous_7)
FNDA:0,(anonymous_8)
FNDA:0,(anonymous_9)
DA:1,0
DA:2,0
DA:3,0
DA:4,0
DA:5,0
DA:6,0
DA:7,0
DA:10,0
DA:11,0
DA:12,0
DA:13,0
DA:14,0
DA:15,0
DA:18,0
DA:19,0
DA:22,0
DA:23,0
DA:24,0
DA:28,0
DA:33,0
DA:35,0
DA:36,0
DA:38,0
DA:39,0
DA:46,0
DA:47,0
DA:49,0
DA:50,0
DA:61,0
DA:64,0
DA:66,0
DA:69,0
DA:76,0
DA:79,0
DA:86,0
DA:87,0
DA:89,0
DA:91,0
DA:92,0
DA:95,0
DA:98,0
DA:101,0
DA:102,0
DA:105,0
DA:107,0
DA:113,0
DA:114,0
DA:122,0
DA:125,0
DA:128,0
DA:129,0
DA:130,0
DA:131,0
DA:132,0
DA:134,0
DA:135,0
DA:143,0
DA:144,0
DA:145,0
DA:149,0
DA:150,0
DA:151,0
DA:152,0
DA:153,0
DA:157,0
DA:158,0
DA:159,0
DA:163,0
DA:165,0
DA:166,0
LF:70
LH:0
BRDA:23,0,0,0
BRDA:35,1,0,0
BRDA:35,1,1,0
BRDA:46,2,0,0
BRDA:46,2,1,0
BRDA:89,3,0,0
BRDA:89,3,1,0
BRDA:92,4,0,0
BRDA:92,4,1,0
BRDA:137,5,0,0
BRDA:137,5,1,0
BRF:11
BRH:0
end_of_record
TN:
SF:src/middleware/auth.ts
FN:14,createAuthMiddleware
FN:15,(anonymous_1)
FN:83,getActionFromMethod
FNF:3
FNH:3
FNDA:7,createAuthMiddleware
FNDA:10,(anonymous_1)
FNDA:6,getActionFromMethod
DA:14,1
DA:15,7
DA:16,10
DA:18,10
DA:20,10
DA:22,1
DA:26,1
DA:30,9
DA:31,9
DA:32,1
DA:36,1
DA:39,8
DA:42,8
DA:43,8
DA:44,1
DA:48,1
DA:52,7
DA:53,6
DA:54,6
DA:56,6
DA:57,1
DA:61,1
DA:66,6
DA:68,0
DA:69,0
DA:84,6
DA:86,2
DA:90,2
DA:92,2
DA:94,0
LF:30
LH:27
BRDA:20,0,0,1
BRDA:31,1,0,1
BRDA:43,2,0,1
BRDA:52,3,0,6
BRDA:56,4,0,1
BRDA:84,5,0,2
BRDA:84,5,1,1
BRDA:84,5,2,2
BRDA:84,5,3,2
BRDA:84,5,4,2
BRDA:84,5,5,0
BRF:11
BRH:10
end_of_record
TN:
SF:src/resources/index.ts
FN:15,registerResources
FN:39,registerProjectResources
FN:44,(anonymous_2)
FN:73,(anonymous_3)
FN:102,registerPreviewResources
FN:107,(anonymous_5)
FN:217,(anonymous_6)
FN:263,(anonymous_7)
FN:309,registerRepoResources
FN:314,(anonymous_9)
FN:360,(anonymous_10)
FNF:11
FNH:0
FNDA:0,registerResources
FNDA:0,registerProjectResources
FNDA:0,(anonymous_2)
FNDA:0,(anonymous_3)
FNDA:0,registerPreviewResources
FNDA:0,(anonymous_5)
FNDA:0,(anonymous_6)
FNDA:0,(anonymous_7)
FNDA:0,registerRepoResources
FNDA:0,(anonymous_9)
FNDA:0,(anonymous_10)
DA:1,0
DA:2,0
DA:3,0
DA:4,0
DA:15,0
DA:16,0
DA:17,0
DA:18,0
DA:21,0
DA:27,0
DA:30,0
DA:33,0
DA:41,0
DA:46,0
DA:47,0
DA:48,0
DA:51,0
DA:52,0
DA:54,0
DA:70,0
DA:75,0
DA:76,0
DA:77,0
DA:80,0
DA:81,0
DA:83,0
DA:104,0
DA:108,0
DA:110,0
DA:111,0
DA:112,0
DA:115,0
DA:118,0
DA:119,0
DA:120,0
DA:122,0
DA:135,0
DA:138,0
DA:139,0
DA:142,0
DA:143,0
DA:146,0
DA:148,0
DA:149,0
DA:150,0
DA:151,0
DA:152,0
DA:154,0
DA:155,0
DA:159,0
DA:164,0
DA:165,0
DA:179,0
DA:180,0
DA:195,0
DA:197,0
DA:214,0
DA:218,0
DA:220,0
DA:221,0
DA:222,0
DA:225,0
DA:226,0
DA:228,0
DA:241,0
DA:243,0
DA:260,0
DA:264,0
DA:266,0
DA:267,0
DA:268,0
DA:271,0
DA:272,0
DA:274,0
DA:287,0
DA:289,0
DA:311,0
DA:315,0
DA:317,0
DA:318,0
DA:319,0
DA:322,0
DA:323,0
DA:325,0
DA:338,0
DA:340,0
DA:357,0
DA:361,0
DA:363,0
DA:364,0
DA:365,0
DA:368,0
DA:369,0
DA:371,0
DA:384,0
DA:386,0
LF:96
LH:0
BRDA:21,0,0,0
BRDA:21,0,1,0
BRDA:47,1,0,0
BRDA:76,2,0,0
BRDA:88,3,0,0
BRDA:88,3,1,0
BRDA:111,4,0,0
BRDA:120,5,0,0
BRDA:120,5,1,0
BRDA:135,6,0,0
BRDA:135,6,1,0
BRDA:142,7,0,0
BRDA:142,7,1,0
BRDA:142,8,0,0
BRDA:142,8,1,0
BRDA:150,9,0,0
BRDA:154,10,0,0
BRDA:159,11,0,0
BRDA:159,11,1,0
BRDA:195,12,0,0
BRDA:195,12,1,0
BRDA:205,13,0,0
BRDA:205,13,1,0
BRDA:221,14,0,0
BRDA:233,15,0,0
BRDA:233,15,1,0
BRDA:241,16,0,0
BRDA:241,16,1,0
BRDA:251,17,0,0
BRDA:251,17,1,0
BRDA:267,18,0,0
BRDA:287,19,0,0
BRDA:287,19,1,0
BRDA:297,20,0,0
BRDA:297,20,1,0
BRDA:318,21,0,0
BRDA:338,22,0,0
BRDA:338,22,1,0
BRDA:348,23,0,0
BRDA:348,23,1,0
BRDA:364,24,0,0
BRDA:376,25,0,0
BRDA:376,25,1,0
BRDA:384,26,0,0
BRDA:384,26,1,0
BRDA:394,27,0,0
BRDA:394,27,1,0
BRF:47
BRH:0
end_of_record
TN:
SF:src/tools/index.ts
FN:16,registerTools
FN:43,registerPreviewTools
FN:69,(anonymous_2)
FN:142,(anonymous_3)
FN:188,(anonymous_4)
FN:234,(anonymous_5)
FN:278,registerSearchTools
FN:286,(anonymous_7)
FN:313,(anonymous_8)
FN:344,(anonymous_9)
FN:392,(anonymous_10)
FN:423,(anonymous_11)
FN:462,(anonymous_12)
FN:487,(anonymous_13)
FN:511,(anonymous_14)
FN:545,registerProjectTools
FN:550,(anonymous_16)
FN:588,(anonymous_17)
FN:629,(anonymous_18)
FN:702,(anonymous_19)
FN:767,(anonymous_20)
FN:831,(anonymous_21)
FN:869,(anonymous_22)
FN:912,(anonymous_23)
FN:957,(anonymous_24)
FN:1005,(anonymous_25)
FN:1057,(anonymous_26)
FN:1093,registerRepositoryTools
FN:1129,(anonymous_28)
FN:1209,(anonymous_29)
FN:1251,(anonymous_30)
FN:1300,(anonymous_31)
FN:1316,(anonymous_32)
FN:1373,(anonymous_33)
FN:1443,(anonymous_34)
FN:1495,(anonymous_35)
FN:1543,(anonymous_36)
FN:1633,(anonymous_37)
FN:1671,(anonymous_38)
FN:1709,(anonymous_39)
FN:1747,(anonymous_40)
FN:1785,(anonymous_41)
FN:1823,(anonymous_42)
FN:1865,(anonymous_43)
FN:1885,(anonymous_44)
FN:1913,(anonymous_45)
FN:1956,(anonymous_46)
FN:1994,(anonymous_47)
FN:2040,(anonymous_48)
FN:2092,(anonymous_49)
FN:2134,(anonymous_50)
FN:2191,formatSize
FNF:52
FNH:0
FNDA:0,registerTools
FNDA:0,registerPreviewTools
FNDA:0,(anonymous_2)
FNDA:0,(anonymous_3)
FNDA:0,(anonymous_4)
FNDA:0,(anonymous_5)
FNDA:0,registerSearchTools
FNDA:0,(anonymous_7)
FNDA:0,(anonymous_8)
FNDA:0,(anonymous_9)
FNDA:0,(anonymous_10)
FNDA:0,(anonymous_11)
FNDA:0,(anonymous_12)
FNDA:0,(anonymous_13)
FNDA:0,(anonymous_14)
FNDA:0,registerProjectTools
FNDA:0,(anonymous_16)
FNDA:0,(anonymous_17)
FNDA:0,(anonymous_18)
FNDA:0,(anonymous_19)
FNDA:0,(anonymous_20)
FNDA:0,(anonymous_21)
FNDA:0,(anonymous_22)
FNDA:0,(anonymous_23)
FNDA:0,(anonymous_24)
FNDA:0,(anonymous_25)
FNDA:0,(anonymous_26)
FNDA:0,registerRepositoryTools
FNDA:0,(anonymous_28)
FNDA:0,(anonymous_29)
FNDA:0,(anonymous_30)
FNDA:0,(anonymous_31)
FNDA:0,(anonymous_32)
FNDA:0,(anonymous_33)
FNDA:0,(anonymous_34)
FNDA:0,(anonymous_35)
FNDA:0,(anonymous_36)
FNDA:0,(anonymous_37)
FNDA:0,(anonymous_38)
FNDA:0,(anonymous_39)
FNDA:0,(anonymous_40)
FNDA:0,(anonymous_41)
FNDA:0,(anonymous_42)
FNDA:0,(anonymous_43)
FNDA:0,(anonymous_44)
FNDA:0,(anonymous_45)
FNDA:0,(anonymous_46)
FNDA:0,(anonymous_47)
FNDA:0,(anonymous_48)
FNDA:0,(anonymous_49)
FNDA:0,(anonymous_50)
FNDA:0,formatSize
DA:2,0
DA:3,0
DA:4,0
DA:5,0
DA:16,0
DA:17,0
DA:18,0
DA:19,0
DA:22,0
DA:28,0
DA:31,0
DA:34,0
DA:37,0
DA:45,0
DA:70,0
DA:72,0
DA:73,0
DA:74,0
DA:85,0
DA:86,0
DA:87,0
DA:88,0
DA:90,0
DA:101,0
DA:107,0
DA:110,0
DA:113,0
DA:122,0
DA:124,0
DA:137,0
DA:143,0
DA:145,0
DA:146,0
DA:147,0
DA:157,0
DA:159,0
DA:168,0
DA:170,0
DA:183,0
DA:189,0
DA:191,0
DA:192,0
DA:193,0
DA:203,0
DA:205,0
DA:214,0
DA:216,0
DA:229,0
DA:235,0
DA:237,0
DA:238,0
DA:239,0
DA:249,0
DA:251,0
DA:260,0
DA:262,0
DA:280,0
DA:287,0
DA:289,0
DA:290,0
DA:291,0
DA:301,0
DA:304,0
DA:306,0
DA:308,0
DA:309,0
DA:313,0
DA:315,0
DA:316,0
DA:320,0
DA:323,0
DA:335,0
DA:338,0
DA:340,0
DA:341,0
DA:344,0
DA:345,0
DA:346,0
DA:347,0
DA:348,0
DA:349,0
DA:353,0
DA:362,0
DA:365,0
DA:366,0
DA:368,0
DA:369,0
DA:373,0
DA:375,0
DA:376,0
DA:377,0
DA:378,0
DA:379,0
DA:381,0
DA:382,0
DA:386,0
DA:392,0
DA:394,0
DA:395,0
DA:399,0
DA:402,0
DA:414,0
DA:417,0
DA:419,0
DA:420,0
DA:423,0
DA:424,0
DA:425,0
DA:426,0
DA:427,0
DA:428,0
DA:432,0
DA:442,0
DA:444,0
DA:457,0
DA:463,0
DA:465,0
DA:466,0
DA:467,0
DA:477,0
DA:480,0
DA:482,0
DA:483,0
DA:487,0
DA:489,0
DA:492,0
DA:502,0
DA:505,0
DA:507,0
DA:508,0
DA:511,0
DA:512,0
DA:513,0
DA:514,0
DA:518,0
DA:527,0
DA:529,0
DA:547,0
DA:551,0
DA:553,0
DA:554,0
DA:555,0
DA:565,0
DA:568,0
DA:570,0
DA:571,0
DA:574,0
DA:575,0
DA:586,0
DA:588,0
DA:589,0
DA:590,0
DA:591,0
DA:592,0
DA:593,0
DA:594,0
DA:597,0
DA:606,0
DA:608,0
DA:621,0
DA:630,0
DA:632,0
DA:633,0
DA:634,0
DA:644,0
DA:647,0
DA:650,0
DA:651,0
DA:652,0
DA:653,0
DA:654,0
DA:655,0
DA:656,0
DA:657,0
DA:658,0
DA:659,0
DA:660,0
DA:661,0
DA:662,0
DA:663,0
DA:664,0
DA:665,0
DA:666,0
DA:668,0
DA:677,0
DA:679,0
DA:692,0
DA:703,0
DA:705,0
DA:706,0
DA:707,0
DA:717,0
DA:720,0
DA:721,0
DA:722,0
DA:725,0
DA:728,0
DA:729,0
DA:730,0
DA:731,0
DA:732,0
DA:734,0
DA:743,0
DA:745,0
DA:758,0
DA:768,0
DA:770,0
DA:771,0
DA:772,0
DA:783,0
DA:784,0
DA:794,0
DA:797,0
DA:799,0
DA:808,0
DA:810,0
DA:823,0
DA:832,0
DA:834,0
DA:835,0
DA:836,0
DA:846,0
DA:849,0
DA:851,0
DA:852,0
DA:855,0
DA:856,0
DA:867,0
DA:869,0
DA:870,0
DA:871,0
DA:872,0
DA:873,0
DA:874,0
DA:875,0
DA:878,0
DA:887,0
DA:889,0
DA:902,0
DA:913,0
DA:915,0
DA:916,0
DA:917,0
DA:927,0
DA:930,0
DA:931,0
DA:932,0
DA:934,0
DA:937,0
DA:939,0
DA:940,0
DA:943,0
DA:944,0
DA:955,0
DA:957,0
DA:958,0
DA:959,0
DA:960,0
DA:961,0
DA:962,0
DA:963,0
DA:964,0
DA:965,0
DA:968,0
DA:977,0
DA:979,0
DA:992,0
DA:1012,0
DA:1014,0
DA:1015,0
DA:1016,0
DA:1026,0
DA:1029,0
DA:1030,0
DA:1031,0
DA:1032,0
DA:1034,0
DA:1037,0
DA:1039,0
DA:1040,0
DA:1043,0
DA:1044,0
DA:1055,0
DA:1057,0
DA:1058,0
DA:1059,0
DA:1060,0
DA:1061,0
DA:1062,0
DA:1063,0
DA:1066,0
DA:1075,0
DA:1077,0
DA:1095,0
DA:1137,0
DA:1139,0
DA:1140,0
DA:1141,0
DA:1151,0
DA:1154,0
DA:1164,0
DA:1167,0
DA:1168,0
DA:1169,0
DA:1170,0
DA:1171,0
DA:1172,0
DA:1173,0
DA:1174,0
DA:1175,0
DA:1177,0
DA:1186,0
DA:1188,0
DA:1201,0
DA:1210,0
DA:1212,0
DA:1213,0
DA:1214,0
DA:1224,0
DA:1227,0
DA:1230,0
DA:1231,0
DA:1232,0
DA:1233,0
DA:1234,0
DA:1235,0
DA:1236,0
DA:1237,0
DA:1238,0
DA:1239,0
DA:1240,0
DA:1241,0
DA:1242,0
DA:1243,0
DA:1244,0
DA:1245,0
DA:1246,0
DA:1247,0
DA:1249,0
DA:1250,0
DA:1251,0
DA:1252,0
DA:1256,0
DA:1265,0
DA:1267,0
DA:1280,0
DA:1301,0
DA:1303,0
DA:1304,0
DA:1305,0
DA:1316,0
DA:1317,0
DA:1318,0
DA:1328,0
DA:1331,0
DA:1334,0
DA:1335,0
DA:1336,0
DA:1337,0
DA:1338,0
DA:1340,0
DA:1349,0
DA:1351,0
DA:1364,0
DA:1374,0
DA:1376,0
DA:1377,0
DA:1378,0
DA:1389,0
DA:1390,0
DA:1400,0
DA:1403,0
DA:1405,0
DA:1414,0
DA:1416,0
DA:1429,0
DA:1444,0
DA:1446,0
DA:1447,0
DA:1448,0
DA:1458,0
DA:1461,0
DA:1463,0
DA:1472,0
DA:1474,0
DA:1487,0
DA:1496,0
DA:1498,0
DA:1499,0
DA:1500,0
DA:1510,0
DA:1512,0
DA:1514,0
DA:1517,0
DA:1518,0
DA:1519,0
DA:1529,0
DA:1530,0
DA:1541,0
DA:1543,0
DA:1545,0
DA:1546,0
DA:1547,0
DA:1551,0
DA:1552,0
DA:1553,0
DA:1554,0
DA:1555,0
DA:1556,0
DA:1558,0
DA:1559,0
DA:1560,0
DA:1561,0
DA:1562,0
DA:1565,0
DA:1566,0
DA:1569,0
DA:1570,0
DA:1574,0
DA:1575,0
DA:1576,0
DA:1577,0
DA:1580,0
DA:1583,0
DA:1593,0
DA:1596,0
DA:1597,0
DA:1607,0
DA:1610,0
DA:1612,0
DA:1625,0
DA:1634,0
DA:1636,0
DA:1637,0
DA:1638,0
DA:1648,0
DA:1651,0
DA:1653,0
DA:1654,0
DA:1657,0
DA:1658,0
DA:1669,0
DA:1671,0
DA:1672,0
DA:1673,0
DA:1674,0
DA:1677,0
DA:1686,0
DA:1688,0
DA:1701,0
DA:1710,0
DA:1712,0
DA:1713,0
DA:1714,0
DA:1724,0
DA:1727,0
DA:1729,0
DA:1730,0
DA:1733,0
DA:1734,0
DA:1745,0
DA:1747,0
DA:1748,0
DA:1749,0
DA:1750,0
DA:1753,0
DA:1762,0
DA:1764,0
DA:1777,0
DA:1786,0
DA:1788,0
DA:1789,0
DA:1790,0
DA:1800,0
DA:1803,0
DA:1805,0
DA:1806,0
DA:1809,0
DA:1810,0
DA:1821,0
DA:1823,0
DA:1824,0
DA:1825,0
DA:1826,0
DA:1827,0
DA:1830,0
DA:1839,0
DA:1841,0
DA:1854,0
DA:1866,0
DA:1868,0
DA:1869,0
DA:1870,0
DA:1880,0
DA:1883,0
DA:1884,0
DA:1885,0
DA:1887,0
DA:1888,0
DA:1890,0
DA:1893,0
DA:1895,0
DA:1896,0
DA:1899,0
DA:1900,0
DA:1911,0
DA:1913,0
DA:1914,0
DA:1915,0
DA:1916,0
DA:1917,0
DA:1918,0
DA:1919,0
DA:1920,0
DA:1921,0
DA:1924,0
DA:1933,0
DA:1935,0
DA:1948,0
DA:1957,0
DA:1959,0
DA:1960,0
DA:1961,0
DA:1971,0
DA:1974,0
DA:1976,0
DA:1977,0
DA:1980,0
DA:1981,0
DA:1992,0
DA:1994,0
DA:1995,0
DA:1996,0
DA:1997,0
DA:1998,0
DA:1999,0
DA:2000,0
DA:2003,0
DA:2012,0
DA:2014,0
DA:2027,0
DA:2047,0
DA:2049,0
DA:2050,0
DA:2051,0
DA:2061,0
DA:2064,0
DA:2065,0
DA:2066,0
DA:2067,0
DA:2069,0
DA:2072,0
DA:2074,0
DA:2075,0
DA:2078,0
DA:2079,0
DA:2090,0
DA:2092,0
DA:2093,0
DA:2094,0
DA:2095,0
DA:2096,0
DA:2097,0
DA:2100,0
DA:2109,0
DA:2111,0
DA:2124,0
DA:2135,0
DA:2137,0
DA:2138,0
DA:2139,0
DA:2149,0
DA:2152,0
DA:2153,0
DA:2154,0
DA:2157,0
DA:2160,0
DA:2161,0
DA:2162,0
DA:2164,0
DA:2173,0
DA:2175,0
DA:2192,0
DA:2194,0
DA:2195,0
DA:2196,0
DA:2198,0
DA:2199,0
DA:2200,0
DA:2203,0
LF:590
LH:0
BRDA:22,0,0,0
BRDA:22,0,1,0
BRDA:73,1,0,0
BRDA:85,2,0,0
BRDA:85,3,0,0
BRDA:85,3,1,0
BRDA:87,4,0,0
BRDA:88,5,0,0
BRDA:103,6,0,0
BRDA:103,6,1,0
BRDA:104,7,0,0
BRDA:104,7,1,0
BRDA:117,8,0,0
BRDA:117,8,1,0
BRDA:122,9,0,0
BRDA:122,9,1,0
BRDA:128,10,0,0
BRDA:128,10,1,0
BRDA:146,11,0,0
BRDA:168,12,0,0
BRDA:168,12,1,0
BRDA:174,13,0,0
BRDA:174,13,1,0
BRDA:192,14,0,0
BRDA:214,15,0,0
BRDA:214,15,1,0
BRDA:220,16,0,0
BRDA:220,16,1,0
BRDA:238,17,0,0
BRDA:260,18,0,0
BRDA:260,18,1,0
BRDA:266,19,0,0
BRDA:266,19,1,0
BRDA:290,20,0,0
BRDA:308,21,0,0
BRDA:315,22,0,0
BRDA:315,23,0,0
BRDA:315,23,1,0
BRDA:315,23,2,0
BRDA:325,24,0,0
BRDA:325,24,1,0
BRDA:325,24,2,0
BRDA:325,24,3,0
BRDA:325,24,4,0
BRDA:325,24,5,0
BRDA:325,24,6,0
BRDA:325,24,7,0
BRDA:340,25,0,0
BRDA:340,25,1,0
BRDA:345,26,0,0
BRDA:345,26,1,0
BRDA:346,27,0,0
BRDA:346,27,1,0
BRDA:347,28,0,0
BRDA:348,29,0,0
BRDA:362,30,0,0
BRDA:362,30,1,0
BRDA:368,31,0,0
BRDA:377,32,0,0
BRDA:381,33,0,0
BRDA:386,34,0,0
BRDA:386,34,1,0
BRDA:394,35,0,0
BRDA:394,36,0,0
BRDA:394,36,1,0
BRDA:394,36,2,0
BRDA:404,37,0,0
BRDA:404,37,1,0
BRDA:404,37,2,0
BRDA:404,37,3,0
BRDA:404,37,4,0
BRDA:404,37,5,0
BRDA:404,37,6,0
BRDA:404,37,7,0
BRDA:419,38,0,0
BRDA:419,38,1,0
BRDA:424,39,0,0
BRDA:424,39,1,0
BRDA:425,40,0,0
BRDA:425,40,1,0
BRDA:426,41,0,0
BRDA:427,42,0,0
BRDA:442,43,0,0
BRDA:442,43,1,0
BRDA:448,44,0,0
BRDA:448,44,1,0
BRDA:466,45,0,0
BRDA:482,46,0,0
BRDA:494,47,0,0
BRDA:494,47,1,0
BRDA:494,47,2,0
BRDA:494,47,3,0
BRDA:494,47,4,0
BRDA:494,47,5,0
BRDA:507,48,0,0
BRDA:507,48,1,0
BRDA:512,49,0,0
BRDA:512,49,1,0
BRDA:513,50,0,0
BRDA:527,51,0,0
BRDA:527,51,1,0
BRDA:533,52,0,0
BRDA:533,52,1,0
BRDA:554,53,0,0
BRDA:570,54,0,0
BRDA:574,55,0,0
BRDA:589,56,0,0
BRDA:589,56,1,0
BRDA:594,57,0,0
BRDA:594,57,1,0
BRDA:606,58,0,0
BRDA:606,58,1,0
BRDA:612,59,0,0
BRDA:612,59,1,0
BRDA:633,60,0,0
BRDA:652,61,0,0
BRDA:652,61,1,0
BRDA:661,62,0,0
BRDA:661,62,1,0
BRDA:662,63,0,0
BRDA:662,63,1,0
BRDA:663,64,0,0
BRDA:663,64,1,0
BRDA:664,65,0,0
BRDA:664,65,1,0
BRDA:665,66,0,0
BRDA:665,66,1,0
BRDA:666,67,0,0
BRDA:666,67,1,0
BRDA:677,68,0,0
BRDA:677,68,1,0
BRDA:683,69,0,0
BRDA:683,69,1,0
BRDA:706,70,0,0
BRDA:721,71,0,0
BRDA:722,72,0,0
BRDA:730,73,0,0
BRDA:730,73,1,0
BRDA:731,74,0,0
BRDA:731,74,1,0
BRDA:743,75,0,0
BRDA:743,75,1,0
BRDA:749,76,0,0
BRDA:749,76,1,0
BRDA:771,77,0,0
BRDA:783,78,0,0
BRDA:808,79,0,0
BRDA:808,79,1,0
BRDA:814,80,0,0
BRDA:814,80,1,0
BRDA:835,81,0,0
BRDA:851,82,0,0
BRDA:855,83,0,0
BRDA:870,84,0,0
BRDA:870,84,1,0
BRDA:887,85,0,0
BRDA:887,85,1,0
BRDA:893,86,0,0
BRDA:893,86,1,0
BRDA:916,87,0,0
BRDA:931,88,0,0
BRDA:932,89,0,0
BRDA:934,90,0,0
BRDA:934,90,1,0
BRDA:939,91,0,0
BRDA:943,92,0,0
BRDA:977,93,0,0
BRDA:977,93,1,0
BRDA:983,94,0,0
BRDA:983,94,1,0
BRDA:1015,95,0,0
BRDA:1030,96,0,0
BRDA:1031,97,0,0
BRDA:1032,98,0,0
BRDA:1034,99,0,0
BRDA:1034,99,1,0
BRDA:1039,100,0,0
BRDA:1043,101,0,0
BRDA:1060,102,0,0
BRDA:1061,103,0,0
BRDA:1062,104,0,0
BRDA:1075,105,0,0
BRDA:1075,105,1,0
BRDA:1081,106,0,0
BRDA:1081,106,1,0
BRDA:1140,107,0,0
BRDA:1159,108,0,0
BRDA:1159,108,1,0
BRDA:1186,109,0,0
BRDA:1186,109,1,0
BRDA:1192,110,0,0
BRDA:1192,110,1,0
BRDA:1213,111,0,0
BRDA:1232,112,0,0
BRDA:1232,112,1,0
BRDA:1241,113,0,0
BRDA:1241,113,1,0
BRDA:1242,114,0,0
BRDA:1242,114,1,0
BRDA:1243,115,0,0
BRDA:1243,115,1,0
BRDA:1244,116,0,0
BRDA:1244,116,1,0
BRDA:1245,117,0,0
BRDA:1245,117,1,0
BRDA:1246,118,0,0
BRDA:1246,118,1,0
BRDA:1247,119,0,0
BRDA:1247,119,1,0
BRDA:1249,120,0,0
BRDA:1249,121,0,0
BRDA:1249,121,1,0
BRDA:1265,122,0,0
BRDA:1265,122,1,0
BRDA:1271,123,0,0
BRDA:1271,123,1,0
BRDA:1304,124,0,0
BRDA:1317,125,0,0
BRDA:1349,126,0,0
BRDA:1349,126,1,0
BRDA:1355,127,0,0
BRDA:1355,127,1,0
BRDA:1377,128,0,0
BRDA:1389,129,0,0
BRDA:1414,130,0,0
BRDA:1414,130,1,0
BRDA:1420,131,0,0
BRDA:1420,131,1,0
BRDA:1447,132,0,0
BRDA:1472,133,0,0
BRDA:1472,133,1,0
BRDA:1478,134,0,0
BRDA:1478,134,1,0
BRDA:1499,135,0,0
BRDA:1517,136,0,0
BRDA:1529,137,0,0
BRDA:1545,138,0,0
BRDA:1545,139,0,0
BRDA:1545,139,1,0
BRDA:1551,140,0,0
BRDA:1551,140,1,0
BRDA:1552,141,0,0
BRDA:1552,141,1,0
BRDA:1553,142,0,0
BRDA:1553,142,1,0
BRDA:1554,143,0,0
BRDA:1554,143,1,0
BRDA:1555,144,0,0
BRDA:1555,144,1,0
BRDA:1556,145,0,0
BRDA:1556,145,1,0
BRDA:1565,146,0,0
BRDA:1569,147,0,0
BRDA:1574,148,0,0
BRDA:1574,148,1,0
BRDA:1576,149,0,0
BRDA:1593,150,0,0
BRDA:1593,150,1,0
BRDA:1596,151,0,0
BRDA:1596,152,0,0
BRDA:1596,152,1,0
BRDA:1610,153,0,0
BRDA:1610,153,1,0
BRDA:1616,154,0,0
BRDA:1616,154,1,0
BRDA:1637,155,0,0
BRDA:1653,156,0,0
BRDA:1657,157,0,0
BRDA:1686,158,0,0
BRDA:1686,158,1,0
BRDA:1692,159,0,0
BRDA:1692,159,1,0
BRDA:1713,160,0,0
BRDA:1729,161,0,0
BRDA:1733,162,0,0
BRDA:1762,163,0,0
BRDA:1762,163,1,0
BRDA:1768,164,0,0
BRDA:1768,164,1,0
BRDA:1789,165,0,0
BRDA:1805,166,0,0
BRDA:1809,167,0,0
BRDA:1839,168,0,0
BRDA:1839,168,1,0
BRDA:1845,169,0,0
BRDA:1845,169,1,0
BRDA:1869,170,0,0
BRDA:1884,171,0,0
BRDA:1887,172,0,0
BRDA:1888,173,0,0
BRDA:1890,174,0,0
BRDA:1890,174,1,0
BRDA:1895,175,0,0
BRDA:1899,176,0,0
BRDA:1919,177,0,0
BRDA:1920,178,0,0
BRDA:1921,179,0,0
BRDA:1921,179,1,0
BRDA:1933,180,0,0
BRDA:1933,180,1,0
BRDA:1939,181,0,0
BRDA:1939,181,1,0
BRDA:1960,182,0,0
BRDA:1976,183,0,0
BRDA:1980,184,0,0
BRDA:1998,185,0,0
BRDA:1998,185,1,0
BRDA:2012,186,0,0
BRDA:2012,186,1,0
BRDA:2018,187,0,0
BRDA:2018,187,1,0
BRDA:2050,188,0,0
BRDA:2065,189,0,0
BRDA:2066,190,0,0
BRDA:2067,191,0,0
BRDA:2069,192,0,0
BRDA:2069,192,1,0
BRDA:2074,193,0,0
BRDA:2078,194,0,0
BRDA:2095,195,0,0
BRDA:2096,196,0,0
BRDA:2109,197,0,0
BRDA:2109,197,1,0
BRDA:2115,198,0,0
BRDA:2115,198,1,0
BRDA:2138,199,0,0
BRDA:2153,200,0,0
BRDA:2154,201,0,0
BRDA:2173,202,0,0
BRDA:2173,202,1,0
BRDA:2179,203,0,0
BRDA:2179,203,1,0
BRDA:2192,204,0,0
BRDA:2192,205,0,0
BRDA:2192,205,1,0
BRDA:2198,206,0,0
BRDA:2198,206,1,0
BRF:337
BRH:0
end_of_record
TN:
SF:src/utils/api-client.ts
FN:20,(anonymous_1)
FN:43,(anonymous_2)
FN:52,(anonymous_3)
FN:54,(anonymous_4)
FN:64,(anonymous_5)
FN:75,(anonymous_6)
FN:125,(anonymous_7)
FN:160,(anonymous_8)
FN:194,(anonymous_9)
FN:223,(anonymous_10)
FNF:10
FNH:9
FNDA:20,(anonymous_1)
FNDA:5,(anonymous_2)
FNDA:1,(anonymous_3)
FNDA:1,(anonymous_4)
FNDA:0,(anonymous_5)
FNDA:3,(anonymous_6)
FNDA:1,(anonymous_7)
FNDA:1,(anonymous_8)
FNDA:1,(anonymous_9)
FNDA:2,(anonymous_10)
DA:1,2
DA:8,2
DA:20,20
DA:21,20
DA:22,20
DA:24,20
DA:33,20
DA:34,0
DA:44,5
DA:54,1
DA:55,1
DA:65,0
DA:76,3
DA:77,3
DA:78,0
DA:79,0
DA:82,3
DA:85,1
DA:86,0
DA:88,0
DA:90,0
DA:91,0
DA:92,0
DA:94,0
DA:98,1
DA:99,0
DA:108,1
DA:110,2
DA:111,0
DA:113,2
DA:126,1
DA:127,1
DA:128,0
DA:129,0
DA:130,0
DA:133,1
DA:135,1
DA:136,0
DA:143,1
DA:145,0
DA:146,0
DA:148,0
DA:161,1
DA:162,1
DA:163,0
DA:164,0
DA:165,0
DA:168,1
DA:170,1
DA:171,0
DA:178,1
DA:180,0
DA:181,0
DA:183,0
DA:195,1
DA:196,1
DA:197,0
DA:198,0
DA:201,1
DA:203,1
DA:204,0
DA:211,1
DA:213,0
DA:214,0
DA:216,0
DA:224,2
DA:227,2
DA:228,2
DA:230,2
DA:231,0
DA:238,2
DA:239,1
DA:240,1
DA:241,1
DA:242,0
DA:243,0
DA:245,0
DA:247,0
DA:249,0
DA:250,0
DA:252,0
DA:255,0
DA:256,0
DA:258,0
LF:84
LH:41
BRDA:20,0,0,0
BRDA:20,1,0,9
BRDA:33,2,0,0
BRDA:77,3,0,0
BRDA:85,4,0,0
BRDA:85,5,0,1
BRDA:85,5,1,1
BRDA:90,6,0,0
BRDA:94,7,0,0
BRDA:94,7,1,0
BRDA:98,8,0,0
BRDA:102,9,0,0
BRDA:102,9,1,0
BRDA:110,10,0,0
BRDA:127,11,0,0
BRDA:135,12,0,0
BRDA:145,13,0,0
BRDA:162,14,0,0
BRDA:170,15,0,0
BRDA:180,16,0,0
BRDA:196,17,0,0
BRDA:203,18,0,0
BRDA:213,19,0,0
BRDA:224,20,0,2
BRDA:224,20,1,0
BRDA:227,21,0,2
BRDA:227,21,1,0
BRDA:230,22,0,0
BRDA:238,23,0,1
BRDA:238,23,1,1
BRDA:240,24,0,1
BRDA:240,24,1,0
BRDA:242,25,0,0
BRDA:242,25,1,0
BRDA:243,26,0,0
BRDA:243,26,1,0
BRDA:247,27,0,0
BRDA:247,27,1,0
BRDA:249,28,0,0
BRDA:255,29,0,0
BRF:40
BRH:8
end_of_record
TN:
SF:src/utils/auth.ts
FN:41,(anonymous_9)
FN:48,(anonymous_10)
FN:66,(anonymous_11)
FN:76,(anonymous_12)
FN:112,(anonymous_13)
FN:132,(anonymous_14)
FN:147,(anonymous_15)
FNF:7
FNH:5
FNDA:0,(anonymous_9)
FNDA:0,(anonymous_10)
FNDA:11,(anonymous_11)
FNDA:7,(anonymous_12)
FNDA:4,(anonymous_13)
FNDA:3,(anonymous_14)
FNDA:1,(anonymous_15)
DA:5,1
DA:7,1
DA:8,1
DA:13,1
DA:27,1
DA:28,1
DA:31,1
DA:32,1
DA:33,1
DA:40,1
DA:42,0
DA:43,0
DA:49,0
DA:50,0
DA:60,1
DA:62,11
DA:63,11
DA:67,11
DA:68,11
DA:77,7
DA:79,7
DA:80,3
DA:81,3
DA:85,4
DA:86,0
DA:87,0
DA:91,4
DA:92,4
DA:94,4
DA:95,4
DA:96,4
DA:97,4
DA:99,4
DA:102,0
DA:103,0
DA:117,4
DA:122,4
DA:134,3
DA:138,3
DA:139,3
DA:148,1
DA:149,1
LF:42
LH:34
BRDA:32,0,0,1
BRDA:66,1,0,0
BRDA:79,2,0,3
BRDA:79,3,0,7
BRDA:79,3,1,3
BRDA:79,3,2,0
BRDA:85,4,0,0
BRDA:102,5,0,0
BRDA:102,5,1,0
BRF:9
BRH:4
end_of_record
TN:
SF:src/utils/config.ts
FN:29,getConfig
FNF:1
FNH:0
FNDA:0,getConfig
DA:29,0
DA:30,0
DA:31,0
DA:32,0
DA:35,0
LF:5
LH:0
BRDA:30,0,0,0
BRDA:30,0,1,0
BRDA:31,1,0,0
BRDA:37,2,0,0
BRDA:37,2,1,0
BRDA:38,3,0,0
BRDA:38,3,1,0
BRDA:39,4,0,0
BRDA:39,4,1,0
BRF:9
BRH:0
end_of_record
